  [1m[36m (36.1ms)[0m  [1mCREATE TABLE "schema_migrations" ("version" character varying NOT NULL) [0m
  [1m[35m (1.1ms)[0m  CREATE UNIQUE INDEX  "unique_schema_migrations" ON "schema_migrations"  ("version")
  [1m[36mActiveRecord::SchemaMigration Load (0.2ms)[0m  [1mSELECT "schema_migrations".* FROM "schema_migrations"[0m
Migrating to CreateUsers (20160918225706)
  [1m[35m (0.1ms)[0m  BEGIN
  [1m[36m (26.3ms)[0m  [1mCREATE TABLE "users" ("id" serial primary key, "name" character varying, "created_at" timestamp NOT NULL, "updated_at" timestamp NOT NULL) [0m
  [1m[35mSQL (6.6ms)[0m  INSERT INTO "schema_migrations" ("version") VALUES ($1)  [["version", "20160918225706"]]
  [1m[36m (5.9ms)[0m  [1mCOMMIT[0m
  [1m[35mActiveRecord::SchemaMigration Load (0.2ms)[0m  SELECT "schema_migrations".* FROM "schema_migrations"
  [1m[36m (2.5ms)[0m  [1mSELECT t2.oid::regclass::text AS to_table, a1.attname AS column, a2.attname AS primary_key, c.conname AS name, c.confupdtype AS on_update, c.confdeltype AS on_delete
FROM pg_constraint c
JOIN pg_class t1 ON c.conrelid = t1.oid
JOIN pg_class t2 ON c.confrelid = t2.oid
JOIN pg_attribute a1 ON a1.attnum = c.conkey[1] AND a1.attrelid = t1.oid
JOIN pg_attribute a2 ON a2.attnum = c.confkey[1] AND a2.attrelid = t2.oid
JOIN pg_namespace t3 ON c.connamespace = t3.oid
WHERE c.contype = 'f'
  AND t1.relname = 'users'
  AND t3.nspname = ANY (current_schemas(false))
ORDER BY c.conname
[0m
  [1m[36mSQL (0.3ms)[0m  [1mCREATE EXTENSION IF NOT EXISTS "plpgsql"[0m
  [1m[35m (13.1ms)[0m  DROP TABLE "users" CASCADE
  [1m[36m (4.5ms)[0m  [1mCREATE TABLE "users" ("id" serial primary key, "name" character varying, "created_at" timestamp NOT NULL, "updated_at" timestamp NOT NULL) [0m
  [1m[35m (0.3ms)[0m  SELECT version FROM "schema_migrations"
  [1m[36mSQL (0.3ms)[0m  [1mCREATE EXTENSION IF NOT EXISTS "plpgsql"[0m
  [1m[35m (4.5ms)[0m  CREATE TABLE "users" ("id" serial primary key, "name" character varying, "created_at" timestamp NOT NULL, "updated_at" timestamp NOT NULL) 
  [1m[36m (1.8ms)[0m  [1mCREATE TABLE "schema_migrations" ("version" character varying NOT NULL) [0m
  [1m[35m (1.0ms)[0m  CREATE UNIQUE INDEX  "unique_schema_migrations" ON "schema_migrations"  ("version")
  [1m[36m (0.3ms)[0m  [1mSELECT version FROM "schema_migrations"[0m
  [1m[35m (0.4ms)[0m  INSERT INTO "schema_migrations" (version) VALUES ('20160918225706')
  [1m[36mActiveRecord::SchemaMigration Load (0.3ms)[0m  [1mSELECT "schema_migrations".* FROM "schema_migrations"[0m
  [1m[36mActiveRecord::SchemaMigration Load (0.3ms)[0m  [1mSELECT "schema_migrations".* FROM "schema_migrations"[0m
Migrating to CreateCities (20160918225935)
  [1m[35m (0.1ms)[0m  BEGIN
  [1m[36m (3.7ms)[0m  [1mCREATE TABLE "cities" ("id" serial primary key, "name" character varying, "visitors" integer, "favourites" integer, "created_at" timestamp NOT NULL, "updated_at" timestamp NOT NULL) [0m
  [1m[35mSQL (0.7ms)[0m  INSERT INTO "schema_migrations" ("version") VALUES ($1)  [["version", "20160918225935"]]
  [1m[36m (0.4ms)[0m  [1mCOMMIT[0m
  [1m[35mActiveRecord::SchemaMigration Load (0.1ms)[0m  SELECT "schema_migrations".* FROM "schema_migrations"
  [1m[36m (1.9ms)[0m  [1mSELECT t2.oid::regclass::text AS to_table, a1.attname AS column, a2.attname AS primary_key, c.conname AS name, c.confupdtype AS on_update, c.confdeltype AS on_delete
FROM pg_constraint c
JOIN pg_class t1 ON c.conrelid = t1.oid
JOIN pg_class t2 ON c.confrelid = t2.oid
JOIN pg_attribute a1 ON a1.attnum = c.conkey[1] AND a1.attrelid = t1.oid
JOIN pg_attribute a2 ON a2.attnum = c.confkey[1] AND a2.attrelid = t2.oid
JOIN pg_namespace t3 ON c.connamespace = t3.oid
WHERE c.contype = 'f'
  AND t1.relname = 'cities'
  AND t3.nspname = ANY (current_schemas(false))
ORDER BY c.conname
[0m
  [1m[35m (1.4ms)[0m  SELECT t2.oid::regclass::text AS to_table, a1.attname AS column, a2.attname AS primary_key, c.conname AS name, c.confupdtype AS on_update, c.confdeltype AS on_delete
FROM pg_constraint c
JOIN pg_class t1 ON c.conrelid = t1.oid
JOIN pg_class t2 ON c.confrelid = t2.oid
JOIN pg_attribute a1 ON a1.attnum = c.conkey[1] AND a1.attrelid = t1.oid
JOIN pg_attribute a2 ON a2.attnum = c.confkey[1] AND a2.attrelid = t2.oid
JOIN pg_namespace t3 ON c.connamespace = t3.oid
WHERE c.contype = 'f'
  AND t1.relname = 'users'
  AND t3.nspname = ANY (current_schemas(false))
ORDER BY c.conname

  [1m[36mActiveRecord::SchemaMigration Load (0.2ms)[0m  [1mSELECT "schema_migrations".* FROM "schema_migrations"[0m
Migrating to CreateComments (20160918230024)
  [1m[35m (0.1ms)[0m  BEGIN
  [1m[36m (3.4ms)[0m  [1mCREATE TABLE "comments" ("id" serial primary key, "user_id" integer, "city_id" integer, "message" character varying, "created_at" timestamp NOT NULL, "updated_at" timestamp NOT NULL) [0m
  [1m[35m (0.7ms)[0m  CREATE  INDEX  "index_comments_on_user_id" ON "comments"  ("user_id")
  [1m[36m (0.7ms)[0m  [1mCREATE  INDEX  "index_comments_on_city_id" ON "comments"  ("city_id")[0m
  [1m[35mSQL (0.2ms)[0m  INSERT INTO "schema_migrations" ("version") VALUES ($1)  [["version", "20160918230024"]]
  [1m[36m (0.4ms)[0m  [1mCOMMIT[0m
  [1m[35mActiveRecord::SchemaMigration Load (0.1ms)[0m  SELECT "schema_migrations".* FROM "schema_migrations"
  [1m[36m (1.8ms)[0m  [1mSELECT t2.oid::regclass::text AS to_table, a1.attname AS column, a2.attname AS primary_key, c.conname AS name, c.confupdtype AS on_update, c.confdeltype AS on_delete
FROM pg_constraint c
JOIN pg_class t1 ON c.conrelid = t1.oid
JOIN pg_class t2 ON c.confrelid = t2.oid
JOIN pg_attribute a1 ON a1.attnum = c.conkey[1] AND a1.attrelid = t1.oid
JOIN pg_attribute a2 ON a2.attnum = c.confkey[1] AND a2.attrelid = t2.oid
JOIN pg_namespace t3 ON c.connamespace = t3.oid
WHERE c.contype = 'f'
  AND t1.relname = 'cities'
  AND t3.nspname = ANY (current_schemas(false))
ORDER BY c.conname
[0m
  [1m[35m (1.4ms)[0m  SELECT t2.oid::regclass::text AS to_table, a1.attname AS column, a2.attname AS primary_key, c.conname AS name, c.confupdtype AS on_update, c.confdeltype AS on_delete
FROM pg_constraint c
JOIN pg_class t1 ON c.conrelid = t1.oid
JOIN pg_class t2 ON c.confrelid = t2.oid
JOIN pg_attribute a1 ON a1.attnum = c.conkey[1] AND a1.attrelid = t1.oid
JOIN pg_attribute a2 ON a2.attnum = c.confkey[1] AND a2.attrelid = t2.oid
JOIN pg_namespace t3 ON c.connamespace = t3.oid
WHERE c.contype = 'f'
  AND t1.relname = 'comments'
  AND t3.nspname = ANY (current_schemas(false))
ORDER BY c.conname

  [1m[36m (1.3ms)[0m  [1mSELECT t2.oid::regclass::text AS to_table, a1.attname AS column, a2.attname AS primary_key, c.conname AS name, c.confupdtype AS on_update, c.confdeltype AS on_delete
FROM pg_constraint c
JOIN pg_class t1 ON c.conrelid = t1.oid
JOIN pg_class t2 ON c.confrelid = t2.oid
JOIN pg_attribute a1 ON a1.attnum = c.conkey[1] AND a1.attrelid = t1.oid
JOIN pg_attribute a2 ON a2.attnum = c.confkey[1] AND a2.attrelid = t2.oid
JOIN pg_namespace t3 ON c.connamespace = t3.oid
WHERE c.contype = 'f'
  AND t1.relname = 'users'
  AND t3.nspname = ANY (current_schemas(false))
ORDER BY c.conname
[0m
  [1m[36mActiveRecord::SchemaMigration Load (0.2ms)[0m  [1mSELECT "schema_migrations".* FROM "schema_migrations"[0m
Migrating to CreateFollowers (20160918230135)
  [1m[35m (0.1ms)[0m  BEGIN
  [1m[36m (2.9ms)[0m  [1mCREATE TABLE "followers" ("id" serial primary key, "user_id" integer, "follower_id" integer) [0m
  [1m[35m (3.4ms)[0m  ALTER TABLE "followers" ADD CONSTRAINT "fk_rails_3d258d3942"
FOREIGN KEY ("user_id")
  REFERENCES "users" ("id")

  [1m[36m (0.7ms)[0m  [1mALTER TABLE "followers" ADD CONSTRAINT "fk_rails_5b83ba9503"
FOREIGN KEY ("follower_id")
  REFERENCES "followers" ("id")
[0m
  [1m[35mSQL (0.2ms)[0m  INSERT INTO "schema_migrations" ("version") VALUES ($1)  [["version", "20160918230135"]]
  [1m[36m (0.4ms)[0m  [1mCOMMIT[0m
  [1m[35mActiveRecord::SchemaMigration Load (0.1ms)[0m  SELECT "schema_migrations".* FROM "schema_migrations"
  [1m[36m (2.0ms)[0m  [1mSELECT t2.oid::regclass::text AS to_table, a1.attname AS column, a2.attname AS primary_key, c.conname AS name, c.confupdtype AS on_update, c.confdeltype AS on_delete
FROM pg_constraint c
JOIN pg_class t1 ON c.conrelid = t1.oid
JOIN pg_class t2 ON c.confrelid = t2.oid
JOIN pg_attribute a1 ON a1.attnum = c.conkey[1] AND a1.attrelid = t1.oid
JOIN pg_attribute a2 ON a2.attnum = c.confkey[1] AND a2.attrelid = t2.oid
JOIN pg_namespace t3 ON c.connamespace = t3.oid
WHERE c.contype = 'f'
  AND t1.relname = 'cities'
  AND t3.nspname = ANY (current_schemas(false))
ORDER BY c.conname
[0m
  [1m[35m (1.7ms)[0m  SELECT t2.oid::regclass::text AS to_table, a1.attname AS column, a2.attname AS primary_key, c.conname AS name, c.confupdtype AS on_update, c.confdeltype AS on_delete
FROM pg_constraint c
JOIN pg_class t1 ON c.conrelid = t1.oid
JOIN pg_class t2 ON c.confrelid = t2.oid
JOIN pg_attribute a1 ON a1.attnum = c.conkey[1] AND a1.attrelid = t1.oid
JOIN pg_attribute a2 ON a2.attnum = c.confkey[1] AND a2.attrelid = t2.oid
JOIN pg_namespace t3 ON c.connamespace = t3.oid
WHERE c.contype = 'f'
  AND t1.relname = 'comments'
  AND t3.nspname = ANY (current_schemas(false))
ORDER BY c.conname

  [1m[36m (1.4ms)[0m  [1mSELECT t2.oid::regclass::text AS to_table, a1.attname AS column, a2.attname AS primary_key, c.conname AS name, c.confupdtype AS on_update, c.confdeltype AS on_delete
FROM pg_constraint c
JOIN pg_class t1 ON c.conrelid = t1.oid
JOIN pg_class t2 ON c.confrelid = t2.oid
JOIN pg_attribute a1 ON a1.attnum = c.conkey[1] AND a1.attrelid = t1.oid
JOIN pg_attribute a2 ON a2.attnum = c.confkey[1] AND a2.attrelid = t2.oid
JOIN pg_namespace t3 ON c.connamespace = t3.oid
WHERE c.contype = 'f'
  AND t1.relname = 'followers'
  AND t3.nspname = ANY (current_schemas(false))
ORDER BY c.conname
[0m
  [1m[35m (1.4ms)[0m  SELECT t2.oid::regclass::text AS to_table, a1.attname AS column, a2.attname AS primary_key, c.conname AS name, c.confupdtype AS on_update, c.confdeltype AS on_delete
FROM pg_constraint c
JOIN pg_class t1 ON c.conrelid = t1.oid
JOIN pg_class t2 ON c.confrelid = t2.oid
JOIN pg_attribute a1 ON a1.attnum = c.conkey[1] AND a1.attrelid = t1.oid
JOIN pg_attribute a2 ON a2.attnum = c.confkey[1] AND a2.attrelid = t2.oid
JOIN pg_namespace t3 ON c.connamespace = t3.oid
WHERE c.contype = 'f'
  AND t1.relname = 'users'
  AND t3.nspname = ANY (current_schemas(false))
ORDER BY c.conname

  [1m[36mActiveRecord::SchemaMigration Load (0.5ms)[0m  [1mSELECT "schema_migrations".* FROM "schema_migrations"[0m
  [1m[35m (0.1ms)[0m  BEGIN
  [1m[36mSQL (7.1ms)[0m  [1mINSERT INTO "users" ("name", "created_at", "updated_at") VALUES ($1, $2, $3) RETURNING "id"[0m  [["name", "Jon Snow"], ["created_at", "2016-09-18 23:02:46.902814"], ["updated_at", "2016-09-18 23:02:46.902814"]]
  [1m[35m (5.1ms)[0m  COMMIT
  [1m[36m (0.1ms)[0m  [1mBEGIN[0m
  [1m[35mSQL (0.3ms)[0m  INSERT INTO "users" ("name", "created_at", "updated_at") VALUES ($1, $2, $3) RETURNING "id"  [["name", "Ned Stark"], ["created_at", "2016-09-18 23:02:46.918747"], ["updated_at", "2016-09-18 23:02:46.918747"]]
  [1m[36m (0.4ms)[0m  [1mCOMMIT[0m
  [1m[35m (0.1ms)[0m  BEGIN
  [1m[36mSQL (1.1ms)[0m  [1mINSERT INTO "followers" ("user_id", "follower_id") VALUES ($1, $2) RETURNING "id"[0m  [["user_id", 1], ["follower_id", 2]]
  [1m[35m (0.1ms)[0m  ROLLBACK
  [1m[36mSQL (0.2ms)[0m  [1mCREATE EXTENSION IF NOT EXISTS "plpgsql"[0m
  [1m[35m (3.9ms)[0m  CREATE TABLE "cities" ("id" serial primary key, "name" character varying, "visitors" integer, "favourites" integer, "created_at" timestamp NOT NULL, "updated_at" timestamp NOT NULL) 
  [1m[36m (2.5ms)[0m  [1mCREATE TABLE "comments" ("id" serial primary key, "user_id" integer, "city_id" integer, "message" character varying, "created_at" timestamp NOT NULL, "updated_at" timestamp NOT NULL) [0m
  [1m[35m (0.8ms)[0m  CREATE  INDEX  "index_comments_on_city_id" ON "comments" USING btree ("city_id")
  [1m[36m (0.9ms)[0m  [1mCREATE  INDEX  "index_comments_on_user_id" ON "comments" USING btree ("user_id")[0m
  [1m[35m (1.8ms)[0m  CREATE TABLE "followers" ("id" serial primary key, "user_id" integer, "follower_id" integer) 
  [1m[36m (2.3ms)[0m  [1mCREATE TABLE "users" ("id" serial primary key, "name" character varying, "created_at" timestamp NOT NULL, "updated_at" timestamp NOT NULL) [0m
  [1m[35m (1.3ms)[0m  ALTER TABLE "followers" ADD CONSTRAINT "fk_rails_5b83ba9503"
FOREIGN KEY ("follower_id")
  REFERENCES "followers" ("id")

  [1m[36m (0.8ms)[0m  [1mALTER TABLE "followers" ADD CONSTRAINT "fk_rails_3d258d3942"
FOREIGN KEY ("user_id")
  REFERENCES "users" ("id")
[0m
  [1m[35m (1.2ms)[0m  CREATE TABLE "schema_migrations" ("version" character varying NOT NULL) 
  [1m[36m (0.9ms)[0m  [1mCREATE UNIQUE INDEX  "unique_schema_migrations" ON "schema_migrations"  ("version")[0m
  [1m[35m (0.3ms)[0m  SELECT version FROM "schema_migrations"
  [1m[36m (0.4ms)[0m  [1mINSERT INTO "schema_migrations" (version) VALUES ('20160918230135')[0m
  [1m[35m (0.4ms)[0m  INSERT INTO "schema_migrations" (version) VALUES ('20160918225706')
  [1m[36m (0.3ms)[0m  [1mINSERT INTO "schema_migrations" (version) VALUES ('20160918225935')[0m
  [1m[35m (0.4ms)[0m  INSERT INTO "schema_migrations" (version) VALUES ('20160918230024')
  [1m[36mSQL (0.2ms)[0m  [1mCREATE EXTENSION IF NOT EXISTS "plpgsql"[0m
  [1m[35m (4.4ms)[0m  CREATE TABLE "cities" ("id" serial primary key, "name" character varying, "visitors" integer, "favourites" integer, "created_at" timestamp NOT NULL, "updated_at" timestamp NOT NULL) 
  [1m[36m (2.3ms)[0m  [1mCREATE TABLE "comments" ("id" serial primary key, "user_id" integer, "city_id" integer, "message" character varying, "created_at" timestamp NOT NULL, "updated_at" timestamp NOT NULL) [0m
  [1m[35m (0.7ms)[0m  CREATE  INDEX  "index_comments_on_city_id" ON "comments" USING btree ("city_id")
  [1m[36m (1.0ms)[0m  [1mCREATE  INDEX  "index_comments_on_user_id" ON "comments" USING btree ("user_id")[0m
  [1m[35m (1.6ms)[0m  CREATE TABLE "followers" ("id" serial primary key, "user_id" integer, "follower_id" integer) 
  [1m[36m (2.1ms)[0m  [1mCREATE TABLE "users" ("id" serial primary key, "name" character varying, "created_at" timestamp NOT NULL, "updated_at" timestamp NOT NULL) [0m
  [1m[35m (1.2ms)[0m  ALTER TABLE "followers" ADD CONSTRAINT "fk_rails_5b83ba9503"
FOREIGN KEY ("follower_id")
  REFERENCES "followers" ("id")

  [1m[36m (0.8ms)[0m  [1mALTER TABLE "followers" ADD CONSTRAINT "fk_rails_3d258d3942"
FOREIGN KEY ("user_id")
  REFERENCES "users" ("id")
[0m
  [1m[35m (1.2ms)[0m  CREATE TABLE "schema_migrations" ("version" character varying NOT NULL) 
  [1m[36m (0.9ms)[0m  [1mCREATE UNIQUE INDEX  "unique_schema_migrations" ON "schema_migrations"  ("version")[0m
  [1m[35m (0.3ms)[0m  SELECT version FROM "schema_migrations"
  [1m[36m (0.3ms)[0m  [1mINSERT INTO "schema_migrations" (version) VALUES ('20160918230135')[0m
  [1m[35m (0.3ms)[0m  INSERT INTO "schema_migrations" (version) VALUES ('20160918225706')
  [1m[36m (0.2ms)[0m  [1mINSERT INTO "schema_migrations" (version) VALUES ('20160918225935')[0m
  [1m[35m (0.2ms)[0m  INSERT INTO "schema_migrations" (version) VALUES ('20160918230024')
  [1m[36mActiveRecord::SchemaMigration Load (0.3ms)[0m  [1mSELECT "schema_migrations".* FROM "schema_migrations"[0m
  [1m[35m (0.1ms)[0m  BEGIN
  [1m[36mSQL (0.3ms)[0m  [1mINSERT INTO "users" ("name", "created_at", "updated_at") VALUES ($1, $2, $3) RETURNING "id"[0m  [["name", "Jon Snow"], ["created_at", "2016-09-18 23:03:49.715325"], ["updated_at", "2016-09-18 23:03:49.715325"]]
  [1m[35m (0.4ms)[0m  COMMIT
  [1m[36m (0.1ms)[0m  [1mBEGIN[0m
  [1m[35mSQL (0.1ms)[0m  INSERT INTO "users" ("name", "created_at", "updated_at") VALUES ($1, $2, $3) RETURNING "id"  [["name", "Ned Stark"], ["created_at", "2016-09-18 23:03:49.719052"], ["updated_at", "2016-09-18 23:03:49.719052"]]
  [1m[36m (0.3ms)[0m  [1mCOMMIT[0m
  [1m[35m (0.1ms)[0m  BEGIN
  [1m[36mSQL (1.0ms)[0m  [1mINSERT INTO "followers" ("user_id", "follower_id") VALUES ($1, $2) RETURNING "id"[0m  [["user_id", 1], ["follower_id", 2]]
  [1m[35m (0.1ms)[0m  ROLLBACK
  [1m[36mSQL (0.2ms)[0m  [1mCREATE EXTENSION IF NOT EXISTS "plpgsql"[0m
  [1m[35m (3.9ms)[0m  CREATE TABLE "cities" ("id" serial primary key, "name" character varying, "visitors" integer, "favourites" integer, "created_at" timestamp NOT NULL, "updated_at" timestamp NOT NULL) 
  [1m[36m (2.4ms)[0m  [1mCREATE TABLE "comments" ("id" serial primary key, "user_id" integer, "city_id" integer, "message" character varying, "created_at" timestamp NOT NULL, "updated_at" timestamp NOT NULL) [0m
  [1m[35m (0.7ms)[0m  CREATE  INDEX  "index_comments_on_city_id" ON "comments" USING btree ("city_id")
  [1m[36m (0.8ms)[0m  [1mCREATE  INDEX  "index_comments_on_user_id" ON "comments" USING btree ("user_id")[0m
  [1m[35m (1.7ms)[0m  CREATE TABLE "followers" ("id" serial primary key, "user_id" integer, "follower_id" integer) 
  [1m[36m (2.3ms)[0m  [1mCREATE TABLE "users" ("id" serial primary key, "name" character varying, "created_at" timestamp NOT NULL, "updated_at" timestamp NOT NULL) [0m
  [1m[35m (1.4ms)[0m  ALTER TABLE "followers" ADD CONSTRAINT "fk_rails_5b83ba9503"
FOREIGN KEY ("follower_id")
  REFERENCES "followers" ("id")

  [1m[36m (0.8ms)[0m  [1mALTER TABLE "followers" ADD CONSTRAINT "fk_rails_3d258d3942"
FOREIGN KEY ("user_id")
  REFERENCES "users" ("id")
[0m
  [1m[35m (1.5ms)[0m  CREATE TABLE "schema_migrations" ("version" character varying NOT NULL) 
  [1m[36m (0.9ms)[0m  [1mCREATE UNIQUE INDEX  "unique_schema_migrations" ON "schema_migrations"  ("version")[0m
  [1m[35m (0.2ms)[0m  SELECT version FROM "schema_migrations"
  [1m[36m (0.4ms)[0m  [1mINSERT INTO "schema_migrations" (version) VALUES ('20160918230135')[0m
  [1m[35m (0.3ms)[0m  INSERT INTO "schema_migrations" (version) VALUES ('20160918225706')
  [1m[36m (0.3ms)[0m  [1mINSERT INTO "schema_migrations" (version) VALUES ('20160918225935')[0m
  [1m[35m (0.2ms)[0m  INSERT INTO "schema_migrations" (version) VALUES ('20160918230024')
  [1m[36mSQL (0.2ms)[0m  [1mCREATE EXTENSION IF NOT EXISTS "plpgsql"[0m
  [1m[35m (4.5ms)[0m  CREATE TABLE "cities" ("id" serial primary key, "name" character varying, "visitors" integer, "favourites" integer, "created_at" timestamp NOT NULL, "updated_at" timestamp NOT NULL) 
  [1m[36m (2.7ms)[0m  [1mCREATE TABLE "comments" ("id" serial primary key, "user_id" integer, "city_id" integer, "message" character varying, "created_at" timestamp NOT NULL, "updated_at" timestamp NOT NULL) [0m
  [1m[35m (0.7ms)[0m  CREATE  INDEX  "index_comments_on_city_id" ON "comments" USING btree ("city_id")
  [1m[36m (0.8ms)[0m  [1mCREATE  INDEX  "index_comments_on_user_id" ON "comments" USING btree ("user_id")[0m
  [1m[35m (1.7ms)[0m  CREATE TABLE "followers" ("id" serial primary key, "user_id" integer, "follower_id" integer) 
  [1m[36m (2.4ms)[0m  [1mCREATE TABLE "users" ("id" serial primary key, "name" character varying, "created_at" timestamp NOT NULL, "updated_at" timestamp NOT NULL) [0m
  [1m[35m (1.4ms)[0m  ALTER TABLE "followers" ADD CONSTRAINT "fk_rails_5b83ba9503"
FOREIGN KEY ("follower_id")
  REFERENCES "followers" ("id")

  [1m[36m (1.0ms)[0m  [1mALTER TABLE "followers" ADD CONSTRAINT "fk_rails_3d258d3942"
FOREIGN KEY ("user_id")
  REFERENCES "users" ("id")
[0m
  [1m[35m (1.4ms)[0m  CREATE TABLE "schema_migrations" ("version" character varying NOT NULL) 
  [1m[36m (0.8ms)[0m  [1mCREATE UNIQUE INDEX  "unique_schema_migrations" ON "schema_migrations"  ("version")[0m
  [1m[35m (0.2ms)[0m  SELECT version FROM "schema_migrations"
  [1m[36m (0.3ms)[0m  [1mINSERT INTO "schema_migrations" (version) VALUES ('20160918230135')[0m
  [1m[35m (0.3ms)[0m  INSERT INTO "schema_migrations" (version) VALUES ('20160918225706')
  [1m[36m (0.2ms)[0m  [1mINSERT INTO "schema_migrations" (version) VALUES ('20160918225935')[0m
  [1m[35m (0.2ms)[0m  INSERT INTO "schema_migrations" (version) VALUES ('20160918230024')
  [1m[36mActiveRecord::SchemaMigration Load (0.2ms)[0m  [1mSELECT "schema_migrations".* FROM "schema_migrations"[0m
  [1m[35m (0.1ms)[0m  BEGIN
  [1m[36mSQL (0.3ms)[0m  [1mINSERT INTO "users" ("name", "created_at", "updated_at") VALUES ($1, $2, $3) RETURNING "id"[0m  [["name", "Jon Snow"], ["created_at", "2016-09-18 23:05:15.336387"], ["updated_at", "2016-09-18 23:05:15.336387"]]
  [1m[35m (0.5ms)[0m  COMMIT
  [1m[36m (0.1ms)[0m  [1mBEGIN[0m
  [1m[35mSQL (0.2ms)[0m  INSERT INTO "users" ("name", "created_at", "updated_at") VALUES ($1, $2, $3) RETURNING "id"  [["name", "Ned Stark"], ["created_at", "2016-09-18 23:05:15.340326"], ["updated_at", "2016-09-18 23:05:15.340326"]]
  [1m[36m (0.4ms)[0m  [1mCOMMIT[0m
  [1m[35m (0.1ms)[0m  BEGIN
  [1m[36mSQL (0.3ms)[0m  [1mINSERT INTO "cities" ("name", "visitors", "favourites", "created_at", "updated_at") VALUES ($1, $2, $3, $4, $5) RETURNING "id"[0m  [["name", "Winterfell"], ["visitors", 10], ["favourites", 20], ["created_at", "2016-09-18 23:05:15.349337"], ["updated_at", "2016-09-18 23:05:15.349337"]]
  [1m[35m (0.3ms)[0m  COMMIT
  [1m[36m (0.2ms)[0m  [1mBEGIN[0m
  [1m[35mSQL (0.5ms)[0m  INSERT INTO "comments" ("city_id", "user_id", "message", "created_at", "updated_at") VALUES ($1, $2, $3, $4, $5) RETURNING "id"  [["city_id", 1], ["user_id", 1], ["message", "Winterfell is cold"], ["created_at", "2016-09-18 23:05:15.356480"], ["updated_at", "2016-09-18 23:05:15.356480"]]
  [1m[36m (0.3ms)[0m  [1mCOMMIT[0m
  [1m[36mUser Load (0.4ms)[0m  [1mSELECT "users".* FROM "users"[0m
  [1m[35mUser Load (0.7ms)[0m  SELECT  "users".* FROM "users"  ORDER BY "users"."id" ASC LIMIT 1
  [1m[36mCity Load (0.5ms)[0m  [1mSELECT "cities".* FROM "cities" INNER JOIN "comments" ON "cities"."id" = "comments"."city_id" WHERE "comments"."user_id" = $1[0m  [["user_id", 1]]
  [1m[35mUser Load (0.4ms)[0m  SELECT  "users".* FROM "users"  ORDER BY "users"."id" ASC LIMIT 1
  [1m[36mUser Load (0.3ms)[0m  [1mSELECT "users".* FROM "users" INNER JOIN "followers" ON "users"."id" = "followers"."follower_id" WHERE "followers"."user_id" = $1[0m  [["user_id", 1]]
  [1m[36mSQL (0.2ms)[0m  [1mCREATE EXTENSION IF NOT EXISTS "plpgsql"[0m
  [1m[35m (4.2ms)[0m  CREATE TABLE "cities" ("id" serial primary key, "name" character varying, "visitors" integer, "favourites" integer, "created_at" timestamp NOT NULL, "updated_at" timestamp NOT NULL) 
  [1m[36m (2.6ms)[0m  [1mCREATE TABLE "comments" ("id" serial primary key, "user_id" integer, "city_id" integer, "message" character varying, "created_at" timestamp NOT NULL, "updated_at" timestamp NOT NULL) [0m
  [1m[35m (0.9ms)[0m  CREATE  INDEX  "index_comments_on_city_id" ON "comments" USING btree ("city_id")
  [1m[36m (0.8ms)[0m  [1mCREATE  INDEX  "index_comments_on_user_id" ON "comments" USING btree ("user_id")[0m
  [1m[35m (1.5ms)[0m  CREATE TABLE "followers" ("id" serial primary key, "user_id" integer, "follower_id" integer) 
  [1m[36m (2.2ms)[0m  [1mCREATE TABLE "users" ("id" serial primary key, "name" character varying, "created_at" timestamp NOT NULL, "updated_at" timestamp NOT NULL) [0m
  [1m[35m (1.4ms)[0m  ALTER TABLE "followers" ADD CONSTRAINT "fk_rails_5b83ba9503"
FOREIGN KEY ("follower_id")
  REFERENCES "followers" ("id")

  [1m[36m (1.0ms)[0m  [1mALTER TABLE "followers" ADD CONSTRAINT "fk_rails_3d258d3942"
FOREIGN KEY ("user_id")
  REFERENCES "users" ("id")
[0m
  [1m[35m (1.4ms)[0m  CREATE TABLE "schema_migrations" ("version" character varying NOT NULL) 
  [1m[36m (0.9ms)[0m  [1mCREATE UNIQUE INDEX  "unique_schema_migrations" ON "schema_migrations"  ("version")[0m
  [1m[35m (0.3ms)[0m  SELECT version FROM "schema_migrations"
  [1m[36m (0.4ms)[0m  [1mINSERT INTO "schema_migrations" (version) VALUES ('20160918230135')[0m
  [1m[35m (0.3ms)[0m  INSERT INTO "schema_migrations" (version) VALUES ('20160918225706')
  [1m[36m (0.3ms)[0m  [1mINSERT INTO "schema_migrations" (version) VALUES ('20160918225935')[0m
  [1m[35m (0.2ms)[0m  INSERT INTO "schema_migrations" (version) VALUES ('20160918230024')
  [1m[36mSQL (0.2ms)[0m  [1mCREATE EXTENSION IF NOT EXISTS "plpgsql"[0m
  [1m[35m (4.6ms)[0m  CREATE TABLE "cities" ("id" serial primary key, "name" character varying, "visitors" integer, "favourites" integer, "created_at" timestamp NOT NULL, "updated_at" timestamp NOT NULL) 
  [1m[36m (2.6ms)[0m  [1mCREATE TABLE "comments" ("id" serial primary key, "user_id" integer, "city_id" integer, "message" character varying, "created_at" timestamp NOT NULL, "updated_at" timestamp NOT NULL) [0m
  [1m[35m (1.0ms)[0m  CREATE  INDEX  "index_comments_on_city_id" ON "comments" USING btree ("city_id")
  [1m[36m (0.9ms)[0m  [1mCREATE  INDEX  "index_comments_on_user_id" ON "comments" USING btree ("user_id")[0m
  [1m[35m (1.7ms)[0m  CREATE TABLE "followers" ("id" serial primary key, "user_id" integer, "follower_id" integer) 
  [1m[36m (2.4ms)[0m  [1mCREATE TABLE "users" ("id" serial primary key, "name" character varying, "created_at" timestamp NOT NULL, "updated_at" timestamp NOT NULL) [0m
  [1m[35m (1.9ms)[0m  ALTER TABLE "followers" ADD CONSTRAINT "fk_rails_5b83ba9503"
FOREIGN KEY ("follower_id")
  REFERENCES "followers" ("id")

  [1m[36m (0.9ms)[0m  [1mALTER TABLE "followers" ADD CONSTRAINT "fk_rails_3d258d3942"
FOREIGN KEY ("user_id")
  REFERENCES "users" ("id")
[0m
  [1m[35m (1.5ms)[0m  CREATE TABLE "schema_migrations" ("version" character varying NOT NULL) 
  [1m[36m (0.8ms)[0m  [1mCREATE UNIQUE INDEX  "unique_schema_migrations" ON "schema_migrations"  ("version")[0m
  [1m[35m (0.2ms)[0m  SELECT version FROM "schema_migrations"
  [1m[36m (0.3ms)[0m  [1mINSERT INTO "schema_migrations" (version) VALUES ('20160918230135')[0m
  [1m[35m (0.2ms)[0m  INSERT INTO "schema_migrations" (version) VALUES ('20160918225706')
  [1m[36m (0.2ms)[0m  [1mINSERT INTO "schema_migrations" (version) VALUES ('20160918225935')[0m
  [1m[35m (0.2ms)[0m  INSERT INTO "schema_migrations" (version) VALUES ('20160918230024')
  [1m[36mActiveRecord::SchemaMigration Load (0.3ms)[0m  [1mSELECT "schema_migrations".* FROM "schema_migrations"[0m
  [1m[35m (0.1ms)[0m  BEGIN
  [1m[36mSQL (0.3ms)[0m  [1mINSERT INTO "users" ("name", "created_at", "updated_at") VALUES ($1, $2, $3) RETURNING "id"[0m  [["name", "Jon Snow"], ["created_at", "2016-09-18 23:06:51.325778"], ["updated_at", "2016-09-18 23:06:51.325778"]]
  [1m[35m (0.5ms)[0m  COMMIT
  [1m[36m (0.1ms)[0m  [1mBEGIN[0m
  [1m[35mSQL (0.2ms)[0m  INSERT INTO "users" ("name", "created_at", "updated_at") VALUES ($1, $2, $3) RETURNING "id"  [["name", "Ned Stark"], ["created_at", "2016-09-18 23:06:51.329336"], ["updated_at", "2016-09-18 23:06:51.329336"]]
  [1m[36m (0.3ms)[0m  [1mCOMMIT[0m
  [1m[35m (0.1ms)[0m  BEGIN
  [1m[36mSQL (0.3ms)[0m  [1mINSERT INTO "cities" ("name", "visitors", "favourites", "created_at", "updated_at") VALUES ($1, $2, $3, $4, $5) RETURNING "id"[0m  [["name", "Winterfell"], ["visitors", 10], ["favourites", 20], ["created_at", "2016-09-18 23:06:51.336282"], ["updated_at", "2016-09-18 23:06:51.336282"]]
  [1m[35m (0.3ms)[0m  COMMIT
  [1m[36m (0.1ms)[0m  [1mBEGIN[0m
  [1m[35mSQL (1.1ms)[0m  INSERT INTO "comments" ("city_id", "user_id", "message", "created_at", "updated_at") VALUES ($1, $2, $3, $4, $5) RETURNING "id"  [["city_id", 1], ["user_id", 1], ["message", "Winterfell is cold"], ["created_at", "2016-09-18 23:06:51.343649"], ["updated_at", "2016-09-18 23:06:51.343649"]]
  [1m[36m (0.4ms)[0m  [1mCOMMIT[0m
  [1m[35m (0.1ms)[0m  BEGIN
  [1m[36mSQL (0.9ms)[0m  [1mINSERT INTO "followers" ("user_id", "follower_id") VALUES ($1, $2) RETURNING "id"[0m  [["user_id", 1], ["follower_id", 2]]
  [1m[35m (0.1ms)[0m  ROLLBACK
  [1m[36mSQL (0.2ms)[0m  [1mCREATE EXTENSION IF NOT EXISTS "plpgsql"[0m
  [1m[35m (21.9ms)[0m  CREATE TABLE "cities" ("id" serial primary key, "name" character varying, "visitors" integer, "favourites" integer, "created_at" timestamp NOT NULL, "updated_at" timestamp NOT NULL) 
  [1m[36m (3.0ms)[0m  [1mCREATE TABLE "comments" ("id" serial primary key, "user_id" integer, "city_id" integer, "message" character varying, "created_at" timestamp NOT NULL, "updated_at" timestamp NOT NULL) [0m
  [1m[35m (1.0ms)[0m  CREATE  INDEX  "index_comments_on_city_id" ON "comments" USING btree ("city_id")
  [1m[36m (1.0ms)[0m  [1mCREATE  INDEX  "index_comments_on_user_id" ON "comments" USING btree ("user_id")[0m
  [1m[35m (2.1ms)[0m  CREATE TABLE "followers" ("id" serial primary key, "user_id" integer, "follower_id" integer) 
  [1m[36m (2.5ms)[0m  [1mCREATE TABLE "users" ("id" serial primary key, "name" character varying, "created_at" timestamp NOT NULL, "updated_at" timestamp NOT NULL) [0m
  [1m[35m (1.3ms)[0m  ALTER TABLE "followers" ADD CONSTRAINT "fk_rails_5b83ba9503"
FOREIGN KEY ("follower_id")
  REFERENCES "followers" ("id")

  [1m[36m (0.8ms)[0m  [1mALTER TABLE "followers" ADD CONSTRAINT "fk_rails_3d258d3942"
FOREIGN KEY ("user_id")
  REFERENCES "users" ("id")
[0m
  [1m[35m (18.2ms)[0m  CREATE TABLE "schema_migrations" ("version" character varying NOT NULL) 
  [1m[36m (3.9ms)[0m  [1mCREATE UNIQUE INDEX  "unique_schema_migrations" ON "schema_migrations"  ("version")[0m
  [1m[35m (0.3ms)[0m  SELECT version FROM "schema_migrations"
  [1m[36m (0.5ms)[0m  [1mINSERT INTO "schema_migrations" (version) VALUES ('20160918230135')[0m
  [1m[35m (0.3ms)[0m  INSERT INTO "schema_migrations" (version) VALUES ('20160918225706')
  [1m[36m (0.4ms)[0m  [1mINSERT INTO "schema_migrations" (version) VALUES ('20160918225935')[0m
  [1m[35m (0.3ms)[0m  INSERT INTO "schema_migrations" (version) VALUES ('20160918230024')
  [1m[36mSQL (0.2ms)[0m  [1mCREATE EXTENSION IF NOT EXISTS "plpgsql"[0m
  [1m[35m (3.9ms)[0m  CREATE TABLE "cities" ("id" serial primary key, "name" character varying, "visitors" integer, "favourites" integer, "created_at" timestamp NOT NULL, "updated_at" timestamp NOT NULL) 
  [1m[36m (2.8ms)[0m  [1mCREATE TABLE "comments" ("id" serial primary key, "user_id" integer, "city_id" integer, "message" character varying, "created_at" timestamp NOT NULL, "updated_at" timestamp NOT NULL) [0m
  [1m[35m (0.8ms)[0m  CREATE  INDEX  "index_comments_on_city_id" ON "comments" USING btree ("city_id")
  [1m[36m (0.8ms)[0m  [1mCREATE  INDEX  "index_comments_on_user_id" ON "comments" USING btree ("user_id")[0m
  [1m[35m (1.6ms)[0m  CREATE TABLE "followers" ("id" serial primary key, "user_id" integer, "follower_id" integer) 
  [1m[36m (2.3ms)[0m  [1mCREATE TABLE "users" ("id" serial primary key, "name" character varying, "created_at" timestamp NOT NULL, "updated_at" timestamp NOT NULL) [0m
  [1m[35m (1.3ms)[0m  ALTER TABLE "followers" ADD CONSTRAINT "fk_rails_5b83ba9503"
FOREIGN KEY ("follower_id")
  REFERENCES "followers" ("id")

  [1m[36m (0.9ms)[0m  [1mALTER TABLE "followers" ADD CONSTRAINT "fk_rails_3d258d3942"
FOREIGN KEY ("user_id")
  REFERENCES "users" ("id")
[0m
  [1m[35m (1.2ms)[0m  CREATE TABLE "schema_migrations" ("version" character varying NOT NULL) 
  [1m[36m (1.0ms)[0m  [1mCREATE UNIQUE INDEX  "unique_schema_migrations" ON "schema_migrations"  ("version")[0m
  [1m[35m (0.3ms)[0m  SELECT version FROM "schema_migrations"
  [1m[36m (0.4ms)[0m  [1mINSERT INTO "schema_migrations" (version) VALUES ('20160918230135')[0m
  [1m[35m (0.3ms)[0m  INSERT INTO "schema_migrations" (version) VALUES ('20160918225706')
  [1m[36m (0.3ms)[0m  [1mINSERT INTO "schema_migrations" (version) VALUES ('20160918225935')[0m
  [1m[35m (0.3ms)[0m  INSERT INTO "schema_migrations" (version) VALUES ('20160918230024')
  [1m[36mActiveRecord::SchemaMigration Load (0.4ms)[0m  [1mSELECT "schema_migrations".* FROM "schema_migrations"[0m
  [1m[35m (0.1ms)[0m  BEGIN
  [1m[36mSQL (0.4ms)[0m  [1mINSERT INTO "users" ("name", "created_at", "updated_at") VALUES ($1, $2, $3) RETURNING "id"[0m  [["name", "Jon Snow"], ["created_at", "2016-09-18 23:11:14.011165"], ["updated_at", "2016-09-18 23:11:14.011165"]]
  [1m[35m (6.0ms)[0m  COMMIT
  [1m[36m (0.1ms)[0m  [1mBEGIN[0m
  [1m[35mSQL (0.1ms)[0m  INSERT INTO "users" ("name", "created_at", "updated_at") VALUES ($1, $2, $3) RETURNING "id"  [["name", "Ned Stark"], ["created_at", "2016-09-18 23:11:14.021263"], ["updated_at", "2016-09-18 23:11:14.021263"]]
  [1m[36m (12.4ms)[0m  [1mCOMMIT[0m
  [1m[35m (0.1ms)[0m  BEGIN
  [1m[36mSQL (0.3ms)[0m  [1mINSERT INTO "cities" ("name", "visitors", "favourites", "created_at", "updated_at") VALUES ($1, $2, $3, $4, $5) RETURNING "id"[0m  [["name", "Winterfell"], ["visitors", 10], ["favourites", 20], ["created_at", "2016-09-18 23:11:14.042910"], ["updated_at", "2016-09-18 23:11:14.042910"]]
  [1m[35m (6.3ms)[0m  COMMIT
  [1m[36m (0.1ms)[0m  [1mBEGIN[0m
  [1m[35mSQL (0.5ms)[0m  INSERT INTO "comments" ("city_id", "user_id", "message", "created_at", "updated_at") VALUES ($1, $2, $3, $4, $5) RETURNING "id"  [["city_id", 1], ["user_id", 1], ["message", "Winterfell is cold"], ["created_at", "2016-09-18 23:11:14.058925"], ["updated_at", "2016-09-18 23:11:14.058925"]]
  [1m[36m (6.2ms)[0m  [1mCOMMIT[0m
  [1m[35m (0.1ms)[0m  BEGIN
  [1m[36mSQL (0.6ms)[0m  [1mINSERT INTO "followers" ("user_id") VALUES ($1) RETURNING "id"[0m  [["user_id", 2]]
  [1m[35m (6.2ms)[0m  COMMIT
  [1m[36mActiveRecord::SchemaMigration Load (0.2ms)[0m  [1mSELECT "schema_migrations".* FROM "schema_migrations"[0m
  [1m[35m (0.1ms)[0m  BEGIN
  [1m[36mSQL (0.3ms)[0m  [1mINSERT INTO "users" ("name", "created_at", "updated_at") VALUES ($1, $2, $3) RETURNING "id"[0m  [["name", "Jon Snow"], ["created_at", "2016-09-18 23:11:30.989452"], ["updated_at", "2016-09-18 23:11:30.989452"]]
  [1m[35m (0.9ms)[0m  COMMIT
  [1m[36m (0.1ms)[0m  [1mBEGIN[0m
  [1m[35mSQL (0.2ms)[0m  INSERT INTO "users" ("name", "created_at", "updated_at") VALUES ($1, $2, $3) RETURNING "id"  [["name", "Ned Stark"], ["created_at", "2016-09-18 23:11:30.993827"], ["updated_at", "2016-09-18 23:11:30.993827"]]
  [1m[36m (0.3ms)[0m  [1mCOMMIT[0m
  [1m[35m (0.1ms)[0m  BEGIN
  [1m[36mSQL (0.3ms)[0m  [1mINSERT INTO "cities" ("name", "visitors", "favourites", "created_at", "updated_at") VALUES ($1, $2, $3, $4, $5) RETURNING "id"[0m  [["name", "Winterfell"], ["visitors", 10], ["favourites", 20], ["created_at", "2016-09-18 23:11:31.001473"], ["updated_at", "2016-09-18 23:11:31.001473"]]
  [1m[35m (0.4ms)[0m  COMMIT
  [1m[36m (0.1ms)[0m  [1mBEGIN[0m
  [1m[35mSQL (0.3ms)[0m  INSERT INTO "comments" ("city_id", "user_id", "message", "created_at", "updated_at") VALUES ($1, $2, $3, $4, $5) RETURNING "id"  [["city_id", 1], ["user_id", 1], ["message", "Winterfell is cold"], ["created_at", "2016-09-18 23:11:31.010704"], ["updated_at", "2016-09-18 23:11:31.010704"]]
  [1m[36m (0.3ms)[0m  [1mCOMMIT[0m
  [1m[35m (0.1ms)[0m  BEGIN
  [1m[36mSQL (0.5ms)[0m  [1mINSERT INTO "followers" ("user_id") VALUES ($1) RETURNING "id"[0m  [["user_id", 4]]
  [1m[35m (0.4ms)[0m  COMMIT
  [1m[36mUser Load (0.5ms)[0m  [1mSELECT  "users".* FROM "users"  ORDER BY "users"."id" ASC LIMIT 1[0m
  [1m[35mUser Load (0.3ms)[0m  SELECT "users".* FROM "users" INNER JOIN "followers" ON "users"."id" = "followers"."user_id" WHERE "followers"."user_id" = $1  [["user_id", 1]]
  [1m[36mUser Load (0.5ms)[0m  [1mSELECT "users".* FROM "users"[0m
  [1m[36mSQL (0.2ms)[0m  [1mCREATE EXTENSION IF NOT EXISTS "plpgsql"[0m
  [1m[35m (20.3ms)[0m  CREATE TABLE "cities" ("id" serial primary key, "name" character varying, "visitors" integer, "favourites" integer, "created_at" timestamp NOT NULL, "updated_at" timestamp NOT NULL) 
  [1m[36m (3.6ms)[0m  [1mCREATE TABLE "comments" ("id" serial primary key, "user_id" integer, "city_id" integer, "message" character varying, "created_at" timestamp NOT NULL, "updated_at" timestamp NOT NULL) [0m
  [1m[35m (1.0ms)[0m  CREATE  INDEX  "index_comments_on_city_id" ON "comments" USING btree ("city_id")
  [1m[36m (1.0ms)[0m  [1mCREATE  INDEX  "index_comments_on_user_id" ON "comments" USING btree ("user_id")[0m
  [1m[35m (1.8ms)[0m  CREATE TABLE "followers" ("id" serial primary key, "user_id" integer, "follower_id" integer) 
  [1m[36m (3.4ms)[0m  [1mCREATE TABLE "users" ("id" serial primary key, "name" character varying, "created_at" timestamp NOT NULL, "updated_at" timestamp NOT NULL) [0m
  [1m[35m (2.1ms)[0m  ALTER TABLE "followers" ADD CONSTRAINT "fk_rails_5b83ba9503"
FOREIGN KEY ("follower_id")
  REFERENCES "followers" ("id")

  [1m[36m (0.9ms)[0m  [1mALTER TABLE "followers" ADD CONSTRAINT "fk_rails_3d258d3942"
FOREIGN KEY ("user_id")
  REFERENCES "users" ("id")
[0m
  [1m[35m (13.0ms)[0m  CREATE TABLE "schema_migrations" ("version" character varying NOT NULL) 
  [1m[36m (35.6ms)[0m  [1mCREATE UNIQUE INDEX  "unique_schema_migrations" ON "schema_migrations"  ("version")[0m
  [1m[35m (0.4ms)[0m  SELECT version FROM "schema_migrations"
  [1m[36m (0.6ms)[0m  [1mINSERT INTO "schema_migrations" (version) VALUES ('20160918230135')[0m
  [1m[35m (0.4ms)[0m  INSERT INTO "schema_migrations" (version) VALUES ('20160918225706')
  [1m[36m (0.4ms)[0m  [1mINSERT INTO "schema_migrations" (version) VALUES ('20160918225935')[0m
  [1m[35m (0.4ms)[0m  INSERT INTO "schema_migrations" (version) VALUES ('20160918230024')
  [1m[36mSQL (0.3ms)[0m  [1mCREATE EXTENSION IF NOT EXISTS "plpgsql"[0m
  [1m[35m (4.2ms)[0m  CREATE TABLE "cities" ("id" serial primary key, "name" character varying, "visitors" integer, "favourites" integer, "created_at" timestamp NOT NULL, "updated_at" timestamp NOT NULL) 
  [1m[36m (2.6ms)[0m  [1mCREATE TABLE "comments" ("id" serial primary key, "user_id" integer, "city_id" integer, "message" character varying, "created_at" timestamp NOT NULL, "updated_at" timestamp NOT NULL) [0m
  [1m[35m (1.0ms)[0m  CREATE  INDEX  "index_comments_on_city_id" ON "comments" USING btree ("city_id")
  [1m[36m (0.8ms)[0m  [1mCREATE  INDEX  "index_comments_on_user_id" ON "comments" USING btree ("user_id")[0m
  [1m[35m (1.8ms)[0m  CREATE TABLE "followers" ("id" serial primary key, "user_id" integer, "follower_id" integer) 
  [1m[36m (2.5ms)[0m  [1mCREATE TABLE "users" ("id" serial primary key, "name" character varying, "created_at" timestamp NOT NULL, "updated_at" timestamp NOT NULL) [0m
  [1m[35m (1.5ms)[0m  ALTER TABLE "followers" ADD CONSTRAINT "fk_rails_5b83ba9503"
FOREIGN KEY ("follower_id")
  REFERENCES "followers" ("id")

  [1m[36m (1.0ms)[0m  [1mALTER TABLE "followers" ADD CONSTRAINT "fk_rails_3d258d3942"
FOREIGN KEY ("user_id")
  REFERENCES "users" ("id")
[0m
  [1m[35m (1.6ms)[0m  CREATE TABLE "schema_migrations" ("version" character varying NOT NULL) 
  [1m[36m (1.2ms)[0m  [1mCREATE UNIQUE INDEX  "unique_schema_migrations" ON "schema_migrations"  ("version")[0m
  [1m[35m (0.3ms)[0m  SELECT version FROM "schema_migrations"
  [1m[36m (0.4ms)[0m  [1mINSERT INTO "schema_migrations" (version) VALUES ('20160918230135')[0m
  [1m[35m (0.3ms)[0m  INSERT INTO "schema_migrations" (version) VALUES ('20160918225706')
  [1m[36m (0.3ms)[0m  [1mINSERT INTO "schema_migrations" (version) VALUES ('20160918225935')[0m
  [1m[35m (0.3ms)[0m  INSERT INTO "schema_migrations" (version) VALUES ('20160918230024')
  [1m[36mActiveRecord::SchemaMigration Load (0.2ms)[0m  [1mSELECT "schema_migrations".* FROM "schema_migrations"[0m
  [1m[35m (0.1ms)[0m  BEGIN
  [1m[36mSQL (0.4ms)[0m  [1mINSERT INTO "users" ("name", "created_at", "updated_at") VALUES ($1, $2, $3) RETURNING "id"[0m  [["name", "Jon Snow"], ["created_at", "2016-09-18 23:12:27.005863"], ["updated_at", "2016-09-18 23:12:27.005863"]]
  [1m[35m (6.1ms)[0m  COMMIT
  [1m[36m (0.1ms)[0m  [1mBEGIN[0m
  [1m[35mSQL (0.2ms)[0m  INSERT INTO "users" ("name", "created_at", "updated_at") VALUES ($1, $2, $3) RETURNING "id"  [["name", "Ned Stark"], ["created_at", "2016-09-18 23:12:27.016185"], ["updated_at", "2016-09-18 23:12:27.016185"]]
  [1m[36m (12.1ms)[0m  [1mCOMMIT[0m
  [1m[35m (0.1ms)[0m  BEGIN
  [1m[36mSQL (0.3ms)[0m  [1mINSERT INTO "cities" ("name", "visitors", "favourites", "created_at", "updated_at") VALUES ($1, $2, $3, $4, $5) RETURNING "id"[0m  [["name", "Winterfell"], ["visitors", 10], ["favourites", 20], ["created_at", "2016-09-18 23:12:27.039158"], ["updated_at", "2016-09-18 23:12:27.039158"]]
  [1m[35m (6.2ms)[0m  COMMIT
  [1m[36m (0.1ms)[0m  [1mBEGIN[0m
  [1m[35mSQL (0.6ms)[0m  INSERT INTO "comments" ("city_id", "user_id", "message", "created_at", "updated_at") VALUES ($1, $2, $3, $4, $5) RETURNING "id"  [["city_id", 1], ["user_id", 1], ["message", "Winterfell is cold"], ["created_at", "2016-09-18 23:12:27.055003"], ["updated_at", "2016-09-18 23:12:27.055003"]]
  [1m[36m (6.3ms)[0m  [1mCOMMIT[0m
  [1m[35m (0.1ms)[0m  BEGIN
  [1m[36mSQL (7.6ms)[0m  [1mINSERT INTO "followers" ("user_id", "follower_id") VALUES ($1, $2) RETURNING "id"[0m  [["user_id", 1], ["follower_id", 2]]
  [1m[35m (0.2ms)[0m  ROLLBACK
  [1m[36mUser Load (0.4ms)[0m  [1mSELECT "users".* FROM "users"[0m
  [1m[35mUser Load (0.6ms)[0m  SELECT  "users".* FROM "users"  ORDER BY "users"."id" ASC LIMIT 1
  [1m[36mCity Load (0.6ms)[0m  [1mSELECT "cities".* FROM "cities" INNER JOIN "comments" ON "cities"."id" = "comments"."city_id" WHERE "comments"."user_id" = $1[0m  [["user_id", 1]]
  [1m[35mUser Load (0.4ms)[0m  SELECT  "users".* FROM "users"  ORDER BY "users"."id" ASC LIMIT 1
  [1m[36mComment Load (0.2ms)[0m  [1mSELECT "comments".* FROM "comments" WHERE "comments"."user_id" = $1[0m  [["user_id", 1]]
  [1m[35mUser Load (0.4ms)[0m  SELECT  "users".* FROM "users"  ORDER BY "users"."id" ASC LIMIT 1
  [1m[36mUser Load (0.3ms)[0m  [1mSELECT "users".* FROM "users" INNER JOIN "followers" ON "users"."id" = "followers"."follower_id" WHERE "followers"."user_id" = $1[0m  [["user_id", 1]]
  [1m[36mSQL (0.2ms)[0m  [1mCREATE EXTENSION IF NOT EXISTS "plpgsql"[0m
  [1m[35m (16.4ms)[0m  DROP TABLE "cities" CASCADE
  [1m[36m (4.3ms)[0m  [1mCREATE TABLE "cities" ("id" serial primary key, "name" character varying, "visitors" integer, "favourites" integer, "created_at" timestamp NOT NULL, "updated_at" timestamp NOT NULL) [0m
  [1m[35m (1.5ms)[0m  DROP TABLE "comments" CASCADE
  [1m[36m (2.7ms)[0m  [1mCREATE TABLE "comments" ("id" serial primary key, "user_id" integer, "city_id" integer, "message" character varying, "created_at" timestamp NOT NULL, "updated_at" timestamp NOT NULL) [0m
  [1m[35m (0.8ms)[0m  CREATE  INDEX  "index_comments_on_city_id" ON "comments" USING btree ("city_id")
  [1m[36m (0.7ms)[0m  [1mCREATE  INDEX  "index_comments_on_user_id" ON "comments" USING btree ("user_id")[0m
  [1m[35m (1.3ms)[0m  DROP TABLE "followers" CASCADE
  [1m[36m (1.6ms)[0m  [1mCREATE TABLE "followers" ("id" serial primary key, "user_id" integer, "follower_id" integer) [0m
  [1m[35m (1.0ms)[0m  DROP TABLE "users" CASCADE
  [1m[36m (2.1ms)[0m  [1mCREATE TABLE "users" ("id" serial primary key, "name" character varying, "created_at" timestamp NOT NULL, "updated_at" timestamp NOT NULL) [0m
  [1m[35m (1.1ms)[0m  ALTER TABLE "followers" ADD CONSTRAINT "fk_rails_5b83ba9503"
FOREIGN KEY ("follower_id")
  REFERENCES "followers" ("id")

  [1m[36m (0.8ms)[0m  [1mALTER TABLE "followers" ADD CONSTRAINT "fk_rails_3d258d3942"
FOREIGN KEY ("user_id")
  REFERENCES "users" ("id")
[0m
  [1m[35m (0.2ms)[0m  SELECT version FROM "schema_migrations"
  [1m[36mSQL (0.1ms)[0m  [1mCREATE EXTENSION IF NOT EXISTS "plpgsql"[0m
  [1m[35m (19.8ms)[0m  DROP TABLE "cities" CASCADE
  [1m[36m (4.1ms)[0m  [1mCREATE TABLE "cities" ("id" serial primary key, "name" character varying, "visitors" integer, "favourites" integer, "created_at" timestamp NOT NULL, "updated_at" timestamp NOT NULL) [0m
  [1m[35m (1.4ms)[0m  DROP TABLE "comments" CASCADE
  [1m[36m (3.0ms)[0m  [1mCREATE TABLE "comments" ("id" serial primary key, "user_id" integer, "city_id" integer, "message" character varying, "created_at" timestamp NOT NULL, "updated_at" timestamp NOT NULL) [0m
  [1m[35m (0.9ms)[0m  CREATE  INDEX  "index_comments_on_city_id" ON "comments" USING btree ("city_id")
  [1m[36m (0.7ms)[0m  [1mCREATE  INDEX  "index_comments_on_user_id" ON "comments" USING btree ("user_id")[0m
  [1m[35m (1.4ms)[0m  DROP TABLE "followers" CASCADE
  [1m[36m (1.7ms)[0m  [1mCREATE TABLE "followers" ("id" serial primary key, "user_id" integer, "follower_id" integer) [0m
  [1m[35m (1.1ms)[0m  DROP TABLE "users" CASCADE
  [1m[36m (2.5ms)[0m  [1mCREATE TABLE "users" ("id" serial primary key, "name" character varying, "created_at" timestamp NOT NULL, "updated_at" timestamp NOT NULL) [0m
  [1m[35m (1.1ms)[0m  ALTER TABLE "followers" ADD CONSTRAINT "fk_rails_5b83ba9503"
FOREIGN KEY ("follower_id")
  REFERENCES "followers" ("id")

  [1m[36m (0.9ms)[0m  [1mALTER TABLE "followers" ADD CONSTRAINT "fk_rails_3d258d3942"
FOREIGN KEY ("user_id")
  REFERENCES "users" ("id")
[0m
  [1m[35m (0.2ms)[0m  SELECT version FROM "schema_migrations"
  [1m[36mActiveRecord::SchemaMigration Load (0.2ms)[0m  [1mSELECT "schema_migrations".* FROM "schema_migrations"[0m
  [1m[35m (0.1ms)[0m  BEGIN
  [1m[36mSQL (0.4ms)[0m  [1mINSERT INTO "users" ("name", "created_at", "updated_at") VALUES ($1, $2, $3) RETURNING "id"[0m  [["name", "Jon Snow"], ["created_at", "2016-09-18 23:13:18.060724"], ["updated_at", "2016-09-18 23:13:18.060724"]]
  [1m[35m (6.4ms)[0m  COMMIT
  [1m[36m (0.1ms)[0m  [1mBEGIN[0m
  [1m[35mSQL (0.3ms)[0m  INSERT INTO "users" ("name", "created_at", "updated_at") VALUES ($1, $2, $3) RETURNING "id"  [["name", "Ned Stark"], ["created_at", "2016-09-18 23:13:18.072148"], ["updated_at", "2016-09-18 23:13:18.072148"]]
  [1m[36m (6.3ms)[0m  [1mCOMMIT[0m
  [1m[35m (0.1ms)[0m  BEGIN
  [1m[36mSQL (0.4ms)[0m  [1mINSERT INTO "cities" ("name", "visitors", "favourites", "created_at", "updated_at") VALUES ($1, $2, $3, $4, $5) RETURNING "id"[0m  [["name", "Winterfell"], ["visitors", 10], ["favourites", 20], ["created_at", "2016-09-18 23:13:18.088990"], ["updated_at", "2016-09-18 23:13:18.088990"]]
  [1m[35m (0.3ms)[0m  COMMIT
  [1m[36m (0.1ms)[0m  [1mBEGIN[0m
  [1m[35mSQL (0.4ms)[0m  INSERT INTO "comments" ("city_id", "user_id", "message", "created_at", "updated_at") VALUES ($1, $2, $3, $4, $5) RETURNING "id"  [["city_id", 1], ["user_id", 1], ["message", "Winterfell is cold"], ["created_at", "2016-09-18 23:13:18.096010"], ["updated_at", "2016-09-18 23:13:18.096010"]]
  [1m[36m (0.3ms)[0m  [1mCOMMIT[0m
  [1m[35m (0.1ms)[0m  BEGIN
  [1m[36mSQL (1.0ms)[0m  [1mINSERT INTO "followers" ("user_id", "follower_id") VALUES ($1, $2) RETURNING "id"[0m  [["user_id", 1], ["follower_id", 2]]
  [1m[35m (0.1ms)[0m  ROLLBACK
  [1m[36mSQL (0.3ms)[0m  [1mCREATE EXTENSION IF NOT EXISTS "plpgsql"[0m
  [1m[35m (21.9ms)[0m  CREATE TABLE "cities" ("id" serial primary key, "name" character varying, "visitors" integer, "favourites" integer, "created_at" timestamp NOT NULL, "updated_at" timestamp NOT NULL) 
  [1m[36m (3.3ms)[0m  [1mCREATE TABLE "comments" ("id" serial primary key, "user_id" integer, "city_id" integer, "message" character varying, "created_at" timestamp NOT NULL, "updated_at" timestamp NOT NULL) [0m
  [1m[35m (0.9ms)[0m  CREATE  INDEX  "index_comments_on_city_id" ON "comments" USING btree ("city_id")
  [1m[36m (0.8ms)[0m  [1mCREATE  INDEX  "index_comments_on_user_id" ON "comments" USING btree ("user_id")[0m
  [1m[35m (1.7ms)[0m  CREATE TABLE "followers" ("id" serial primary key, "user_id" integer, "follower_id" integer) 
  [1m[36m (2.6ms)[0m  [1mCREATE TABLE "users" ("id" serial primary key, "name" character varying, "created_at" timestamp NOT NULL, "updated_at" timestamp NOT NULL) [0m
  [1m[35m (1.4ms)[0m  ALTER TABLE "followers" ADD CONSTRAINT "fk_rails_5b83ba9503"
FOREIGN KEY ("follower_id")
  REFERENCES "followers" ("id")

  [1m[36m (0.9ms)[0m  [1mALTER TABLE "followers" ADD CONSTRAINT "fk_rails_3d258d3942"
FOREIGN KEY ("user_id")
  REFERENCES "users" ("id")
[0m
  [1m[35m (13.5ms)[0m  CREATE TABLE "schema_migrations" ("version" character varying NOT NULL) 
  [1m[36m (36.2ms)[0m  [1mCREATE UNIQUE INDEX  "unique_schema_migrations" ON "schema_migrations"  ("version")[0m
  [1m[35m (0.4ms)[0m  SELECT version FROM "schema_migrations"
  [1m[36m (0.6ms)[0m  [1mINSERT INTO "schema_migrations" (version) VALUES ('20160918230135')[0m
  [1m[35m (0.4ms)[0m  INSERT INTO "schema_migrations" (version) VALUES ('20160918225706')
  [1m[36m (0.4ms)[0m  [1mINSERT INTO "schema_migrations" (version) VALUES ('20160918225935')[0m
  [1m[35m (0.4ms)[0m  INSERT INTO "schema_migrations" (version) VALUES ('20160918230024')
  [1m[36mSQL (0.2ms)[0m  [1mCREATE EXTENSION IF NOT EXISTS "plpgsql"[0m
  [1m[35m (3.8ms)[0m  CREATE TABLE "cities" ("id" serial primary key, "name" character varying, "visitors" integer, "favourites" integer, "created_at" timestamp NOT NULL, "updated_at" timestamp NOT NULL) 
  [1m[36m (2.2ms)[0m  [1mCREATE TABLE "comments" ("id" serial primary key, "user_id" integer, "city_id" integer, "message" character varying, "created_at" timestamp NOT NULL, "updated_at" timestamp NOT NULL) [0m
  [1m[35m (0.9ms)[0m  CREATE  INDEX  "index_comments_on_city_id" ON "comments" USING btree ("city_id")
  [1m[36m (0.8ms)[0m  [1mCREATE  INDEX  "index_comments_on_user_id" ON "comments" USING btree ("user_id")[0m
  [1m[35m (1.7ms)[0m  CREATE TABLE "followers" ("id" serial primary key, "user_id" integer, "follower_id" integer) 
  [1m[36m (2.3ms)[0m  [1mCREATE TABLE "users" ("id" serial primary key, "name" character varying, "created_at" timestamp NOT NULL, "updated_at" timestamp NOT NULL) [0m
  [1m[35m (1.2ms)[0m  ALTER TABLE "followers" ADD CONSTRAINT "fk_rails_5b83ba9503"
FOREIGN KEY ("follower_id")
  REFERENCES "followers" ("id")

  [1m[36m (0.8ms)[0m  [1mALTER TABLE "followers" ADD CONSTRAINT "fk_rails_3d258d3942"
FOREIGN KEY ("user_id")
  REFERENCES "users" ("id")
[0m
  [1m[35m (1.3ms)[0m  CREATE TABLE "schema_migrations" ("version" character varying NOT NULL) 
  [1m[36m (1.0ms)[0m  [1mCREATE UNIQUE INDEX  "unique_schema_migrations" ON "schema_migrations"  ("version")[0m
  [1m[35m (0.6ms)[0m  SELECT version FROM "schema_migrations"
  [1m[36m (0.4ms)[0m  [1mINSERT INTO "schema_migrations" (version) VALUES ('20160918230135')[0m
  [1m[35m (0.3ms)[0m  INSERT INTO "schema_migrations" (version) VALUES ('20160918225706')
  [1m[36m (0.2ms)[0m  [1mINSERT INTO "schema_migrations" (version) VALUES ('20160918225935')[0m
  [1m[35m (0.2ms)[0m  INSERT INTO "schema_migrations" (version) VALUES ('20160918230024')
  [1m[36mActiveRecord::SchemaMigration Load (0.4ms)[0m  [1mSELECT "schema_migrations".* FROM "schema_migrations"[0m
  [1m[35m (0.1ms)[0m  BEGIN
  [1m[36mSQL (0.4ms)[0m  [1mINSERT INTO "users" ("name", "created_at", "updated_at") VALUES ($1, $2, $3) RETURNING "id"[0m  [["name", "Jon Snow"], ["created_at", "2016-09-18 23:16:03.655377"], ["updated_at", "2016-09-18 23:16:03.655377"]]
  [1m[35m (6.4ms)[0m  COMMIT
  [1m[36m (0.1ms)[0m  [1mBEGIN[0m
  [1m[35mSQL (0.3ms)[0m  INSERT INTO "users" ("name", "created_at", "updated_at") VALUES ($1, $2, $3) RETURNING "id"  [["name", "Ned Stark"], ["created_at", "2016-09-18 23:16:03.666647"], ["updated_at", "2016-09-18 23:16:03.666647"]]
  [1m[36m (11.7ms)[0m  [1mCOMMIT[0m
  [1m[35m (0.1ms)[0m  BEGIN
  [1m[36mSQL (0.3ms)[0m  [1mINSERT INTO "cities" ("name", "visitors", "favourites", "created_at", "updated_at") VALUES ($1, $2, $3, $4, $5) RETURNING "id"[0m  [["name", "Winterfell"], ["visitors", 10], ["favourites", 20], ["created_at", "2016-09-18 23:16:03.688971"], ["updated_at", "2016-09-18 23:16:03.688971"]]
  [1m[35m (6.1ms)[0m  COMMIT
  [1m[36m (0.1ms)[0m  [1mBEGIN[0m
  [1m[35mSQL (0.5ms)[0m  INSERT INTO "comments" ("city_id", "user_id", "message", "created_at", "updated_at") VALUES ($1, $2, $3, $4, $5) RETURNING "id"  [["city_id", 1], ["user_id", 1], ["message", "Winterfell is cold"], ["created_at", "2016-09-18 23:16:03.704598"], ["updated_at", "2016-09-18 23:16:03.704598"]]
  [1m[36m (6.3ms)[0m  [1mCOMMIT[0m
  [1m[35m (0.1ms)[0m  BEGIN
  [1m[36mSQL (7.7ms)[0m  [1mINSERT INTO "followers" ("user_id", "follower_id") VALUES ($1, $2) RETURNING "id"[0m  [["user_id", 1], ["follower_id", 2]]
  [1m[35m (0.2ms)[0m  ROLLBACK
  [1m[36mActiveRecord::SchemaMigration Load (0.3ms)[0m  [1mSELECT "schema_migrations".* FROM "schema_migrations"[0m
  [1m[35mActiveRecord::SchemaMigration Load (0.1ms)[0m  SELECT "schema_migrations".* FROM "schema_migrations"
  [1m[36m (3.0ms)[0m  [1mSELECT t2.oid::regclass::text AS to_table, a1.attname AS column, a2.attname AS primary_key, c.conname AS name, c.confupdtype AS on_update, c.confdeltype AS on_delete
FROM pg_constraint c
JOIN pg_class t1 ON c.conrelid = t1.oid
JOIN pg_class t2 ON c.confrelid = t2.oid
JOIN pg_attribute a1 ON a1.attnum = c.conkey[1] AND a1.attrelid = t1.oid
JOIN pg_attribute a2 ON a2.attnum = c.confkey[1] AND a2.attrelid = t2.oid
JOIN pg_namespace t3 ON c.connamespace = t3.oid
WHERE c.contype = 'f'
  AND t1.relname = 'cities'
  AND t3.nspname = ANY (current_schemas(false))
ORDER BY c.conname
[0m
  [1m[35m (1.8ms)[0m  SELECT t2.oid::regclass::text AS to_table, a1.attname AS column, a2.attname AS primary_key, c.conname AS name, c.confupdtype AS on_update, c.confdeltype AS on_delete
FROM pg_constraint c
JOIN pg_class t1 ON c.conrelid = t1.oid
JOIN pg_class t2 ON c.confrelid = t2.oid
JOIN pg_attribute a1 ON a1.attnum = c.conkey[1] AND a1.attrelid = t1.oid
JOIN pg_attribute a2 ON a2.attnum = c.confkey[1] AND a2.attrelid = t2.oid
JOIN pg_namespace t3 ON c.connamespace = t3.oid
WHERE c.contype = 'f'
  AND t1.relname = 'comments'
  AND t3.nspname = ANY (current_schemas(false))
ORDER BY c.conname

  [1m[36m (1.6ms)[0m  [1mSELECT t2.oid::regclass::text AS to_table, a1.attname AS column, a2.attname AS primary_key, c.conname AS name, c.confupdtype AS on_update, c.confdeltype AS on_delete
FROM pg_constraint c
JOIN pg_class t1 ON c.conrelid = t1.oid
JOIN pg_class t2 ON c.confrelid = t2.oid
JOIN pg_attribute a1 ON a1.attnum = c.conkey[1] AND a1.attrelid = t1.oid
JOIN pg_attribute a2 ON a2.attnum = c.confkey[1] AND a2.attrelid = t2.oid
JOIN pg_namespace t3 ON c.connamespace = t3.oid
WHERE c.contype = 'f'
  AND t1.relname = 'followers'
  AND t3.nspname = ANY (current_schemas(false))
ORDER BY c.conname
[0m
  [1m[35m (1.5ms)[0m  SELECT t2.oid::regclass::text AS to_table, a1.attname AS column, a2.attname AS primary_key, c.conname AS name, c.confupdtype AS on_update, c.confdeltype AS on_delete
FROM pg_constraint c
JOIN pg_class t1 ON c.conrelid = t1.oid
JOIN pg_class t2 ON c.confrelid = t2.oid
JOIN pg_attribute a1 ON a1.attnum = c.conkey[1] AND a1.attrelid = t1.oid
JOIN pg_attribute a2 ON a2.attnum = c.confkey[1] AND a2.attrelid = t2.oid
JOIN pg_namespace t3 ON c.connamespace = t3.oid
WHERE c.contype = 'f'
  AND t1.relname = 'users'
  AND t3.nspname = ANY (current_schemas(false))
ORDER BY c.conname

  [1m[36mSQL (0.2ms)[0m  [1mCREATE EXTENSION IF NOT EXISTS "plpgsql"[0m
  [1m[35m (4.2ms)[0m  CREATE TABLE "cities" ("id" serial primary key, "name" character varying, "visitors" integer, "favourites" integer, "created_at" timestamp NOT NULL, "updated_at" timestamp NOT NULL) 
  [1m[36m (2.7ms)[0m  [1mCREATE TABLE "comments" ("id" serial primary key, "user_id" integer, "city_id" integer, "message" character varying, "created_at" timestamp NOT NULL, "updated_at" timestamp NOT NULL) [0m
  [1m[35m (1.0ms)[0m  CREATE  INDEX  "index_comments_on_city_id" ON "comments" USING btree ("city_id")
  [1m[36m (0.8ms)[0m  [1mCREATE  INDEX  "index_comments_on_user_id" ON "comments" USING btree ("user_id")[0m
  [1m[35m (1.7ms)[0m  CREATE TABLE "followers" ("id" serial primary key, "user_id" integer, "follower_id" integer) 
  [1m[36m (2.2ms)[0m  [1mCREATE TABLE "users" ("id" serial primary key, "name" character varying, "created_at" timestamp NOT NULL, "updated_at" timestamp NOT NULL) [0m
  [1m[35m (1.1ms)[0m  ALTER TABLE "followers" ADD CONSTRAINT "fk_rails_5b83ba9503"
FOREIGN KEY ("follower_id")
  REFERENCES "followers" ("id")

  [1m[36m (0.8ms)[0m  [1mALTER TABLE "followers" ADD CONSTRAINT "fk_rails_3d258d3942"
FOREIGN KEY ("user_id")
  REFERENCES "users" ("id")
[0m
  [1m[35m (1.3ms)[0m  CREATE TABLE "schema_migrations" ("version" character varying NOT NULL) 
  [1m[36m (0.8ms)[0m  [1mCREATE UNIQUE INDEX  "unique_schema_migrations" ON "schema_migrations"  ("version")[0m
  [1m[35m (0.2ms)[0m  SELECT version FROM "schema_migrations"
  [1m[36m (0.3ms)[0m  [1mINSERT INTO "schema_migrations" (version) VALUES ('20160918230135')[0m
  [1m[35m (0.3ms)[0m  INSERT INTO "schema_migrations" (version) VALUES ('20160918225706')
  [1m[36m (0.2ms)[0m  [1mINSERT INTO "schema_migrations" (version) VALUES ('20160918225935')[0m
  [1m[35m (0.3ms)[0m  INSERT INTO "schema_migrations" (version) VALUES ('20160918230024')
  [1m[36mSQL (0.2ms)[0m  [1mCREATE EXTENSION IF NOT EXISTS "plpgsql"[0m
  [1m[35m (4.6ms)[0m  CREATE TABLE "cities" ("id" serial primary key, "name" character varying, "visitors" integer, "favourites" integer, "created_at" timestamp NOT NULL, "updated_at" timestamp NOT NULL) 
  [1m[36m (2.7ms)[0m  [1mCREATE TABLE "comments" ("id" serial primary key, "user_id" integer, "city_id" integer, "message" character varying, "created_at" timestamp NOT NULL, "updated_at" timestamp NOT NULL) [0m
  [1m[35m (1.0ms)[0m  CREATE  INDEX  "index_comments_on_city_id" ON "comments" USING btree ("city_id")
  [1m[36m (0.8ms)[0m  [1mCREATE  INDEX  "index_comments_on_user_id" ON "comments" USING btree ("user_id")[0m
  [1m[35m (2.2ms)[0m  CREATE TABLE "followers" ("id" serial primary key, "user_id" integer, "follower_id" integer) 
  [1m[36m (2.1ms)[0m  [1mCREATE TABLE "users" ("id" serial primary key, "name" character varying, "created_at" timestamp NOT NULL, "updated_at" timestamp NOT NULL) [0m
  [1m[35m (1.3ms)[0m  ALTER TABLE "followers" ADD CONSTRAINT "fk_rails_5b83ba9503"
FOREIGN KEY ("follower_id")
  REFERENCES "followers" ("id")

  [1m[36m (1.1ms)[0m  [1mALTER TABLE "followers" ADD CONSTRAINT "fk_rails_3d258d3942"
FOREIGN KEY ("user_id")
  REFERENCES "users" ("id")
[0m
  [1m[35m (1.3ms)[0m  CREATE TABLE "schema_migrations" ("version" character varying NOT NULL) 
  [1m[36m (0.8ms)[0m  [1mCREATE UNIQUE INDEX  "unique_schema_migrations" ON "schema_migrations"  ("version")[0m
  [1m[35m (0.3ms)[0m  SELECT version FROM "schema_migrations"
  [1m[36m (0.3ms)[0m  [1mINSERT INTO "schema_migrations" (version) VALUES ('20160918230135')[0m
  [1m[35m (0.2ms)[0m  INSERT INTO "schema_migrations" (version) VALUES ('20160918225706')
  [1m[36m (0.2ms)[0m  [1mINSERT INTO "schema_migrations" (version) VALUES ('20160918225935')[0m
  [1m[35m (0.2ms)[0m  INSERT INTO "schema_migrations" (version) VALUES ('20160918230024')
  [1m[36mActiveRecord::SchemaMigration Load (0.3ms)[0m  [1mSELECT "schema_migrations".* FROM "schema_migrations"[0m
  [1m[35m (0.1ms)[0m  BEGIN
  [1m[36mSQL (0.4ms)[0m  [1mINSERT INTO "users" ("name", "created_at", "updated_at") VALUES ($1, $2, $3) RETURNING "id"[0m  [["name", "Jon Snow"], ["created_at", "2016-09-18 23:22:20.730655"], ["updated_at", "2016-09-18 23:22:20.730655"]]
  [1m[35m (6.2ms)[0m  COMMIT
  [1m[36m (0.3ms)[0m  [1mBEGIN[0m
  [1m[35mSQL (0.3ms)[0m  INSERT INTO "users" ("name", "created_at", "updated_at") VALUES ($1, $2, $3) RETURNING "id"  [["name", "Ned Stark"], ["created_at", "2016-09-18 23:22:20.742510"], ["updated_at", "2016-09-18 23:22:20.742510"]]
  [1m[36m (6.2ms)[0m  [1mCOMMIT[0m
  [1m[35m (0.1ms)[0m  BEGIN
  [1m[36mSQL (0.3ms)[0m  [1mINSERT INTO "cities" ("name", "visitors", "favourites", "created_at", "updated_at") VALUES ($1, $2, $3, $4, $5) RETURNING "id"[0m  [["name", "Winterfell"], ["visitors", 10], ["favourites", 20], ["created_at", "2016-09-18 23:22:20.760003"], ["updated_at", "2016-09-18 23:22:20.760003"]]
  [1m[35m (5.4ms)[0m  COMMIT
  [1m[36m (0.1ms)[0m  [1mBEGIN[0m
  [1m[35mSQL (0.5ms)[0m  INSERT INTO "comments" ("city_id", "user_id", "message", "created_at", "updated_at") VALUES ($1, $2, $3, $4, $5) RETURNING "id"  [["city_id", 1], ["user_id", 1], ["message", "Winterfell is cold"], ["created_at", "2016-09-18 23:22:20.775190"], ["updated_at", "2016-09-18 23:22:20.775190"]]
  [1m[36m (6.2ms)[0m  [1mCOMMIT[0m
  [1m[35m (0.1ms)[0m  BEGIN
  [1m[36mSQL (7.4ms)[0m  [1mINSERT INTO "followers" ("user_id", "follower_id") VALUES ($1, $2) RETURNING "id"[0m  [["user_id", 1], ["follower_id", 2]]
  [1m[35m (0.1ms)[0m  ROLLBACK
  [1m[36mSQL (0.2ms)[0m  [1mCREATE EXTENSION IF NOT EXISTS "plpgsql"[0m
  [1m[35m (4.9ms)[0m  CREATE TABLE "cities" ("id" serial primary key, "name" character varying, "visitors" integer, "favourites" integer, "created_at" timestamp NOT NULL, "updated_at" timestamp NOT NULL) 
  [1m[36m (2.4ms)[0m  [1mCREATE TABLE "comments" ("id" serial primary key, "user_id" integer, "city_id" integer, "message" character varying, "created_at" timestamp NOT NULL, "updated_at" timestamp NOT NULL) [0m
  [1m[35m (1.0ms)[0m  CREATE  INDEX  "index_comments_on_city_id" ON "comments" USING btree ("city_id")
  [1m[36m (0.8ms)[0m  [1mCREATE  INDEX  "index_comments_on_user_id" ON "comments" USING btree ("user_id")[0m
  [1m[35m (1.7ms)[0m  CREATE TABLE "followers" ("id" serial primary key, "user_id" integer, "follower_id" integer) 
  [1m[36m (2.2ms)[0m  [1mCREATE TABLE "users" ("id" serial primary key, "name" character varying, "created_at" timestamp NOT NULL, "updated_at" timestamp NOT NULL) [0m
  [1m[35m (1.2ms)[0m  ALTER TABLE "followers" ADD CONSTRAINT "fk_rails_5b83ba9503"
FOREIGN KEY ("follower_id")
  REFERENCES "followers" ("id")

  [1m[36m (0.8ms)[0m  [1mALTER TABLE "followers" ADD CONSTRAINT "fk_rails_3d258d3942"
FOREIGN KEY ("user_id")
  REFERENCES "users" ("id")
[0m
  [1m[35m (1.4ms)[0m  CREATE TABLE "schema_migrations" ("version" character varying NOT NULL) 
  [1m[36m (0.9ms)[0m  [1mCREATE UNIQUE INDEX  "unique_schema_migrations" ON "schema_migrations"  ("version")[0m
  [1m[35m (0.2ms)[0m  SELECT version FROM "schema_migrations"
  [1m[36m (0.4ms)[0m  [1mINSERT INTO "schema_migrations" (version) VALUES ('20160918230135')[0m
  [1m[35m (0.2ms)[0m  INSERT INTO "schema_migrations" (version) VALUES ('20160918225706')
  [1m[36m (0.3ms)[0m  [1mINSERT INTO "schema_migrations" (version) VALUES ('20160918225935')[0m
  [1m[35m (0.3ms)[0m  INSERT INTO "schema_migrations" (version) VALUES ('20160918230024')
  [1m[36mSQL (0.2ms)[0m  [1mCREATE EXTENSION IF NOT EXISTS "plpgsql"[0m
  [1m[35m (4.6ms)[0m  CREATE TABLE "cities" ("id" serial primary key, "name" character varying, "visitors" integer, "favourites" integer, "created_at" timestamp NOT NULL, "updated_at" timestamp NOT NULL) 
  [1m[36m (2.8ms)[0m  [1mCREATE TABLE "comments" ("id" serial primary key, "user_id" integer, "city_id" integer, "message" character varying, "created_at" timestamp NOT NULL, "updated_at" timestamp NOT NULL) [0m
  [1m[35m (0.8ms)[0m  CREATE  INDEX  "index_comments_on_city_id" ON "comments" USING btree ("city_id")
  [1m[36m (0.8ms)[0m  [1mCREATE  INDEX  "index_comments_on_user_id" ON "comments" USING btree ("user_id")[0m
  [1m[35m (1.6ms)[0m  CREATE TABLE "followers" ("id" serial primary key, "user_id" integer, "follower_id" integer) 
  [1m[36m (2.3ms)[0m  [1mCREATE TABLE "users" ("id" serial primary key, "name" character varying, "created_at" timestamp NOT NULL, "updated_at" timestamp NOT NULL) [0m
  [1m[35m (1.3ms)[0m  ALTER TABLE "followers" ADD CONSTRAINT "fk_rails_5b83ba9503"
FOREIGN KEY ("follower_id")
  REFERENCES "followers" ("id")

  [1m[36m (0.8ms)[0m  [1mALTER TABLE "followers" ADD CONSTRAINT "fk_rails_3d258d3942"
FOREIGN KEY ("user_id")
  REFERENCES "users" ("id")
[0m
  [1m[35m (1.2ms)[0m  CREATE TABLE "schema_migrations" ("version" character varying NOT NULL) 
  [1m[36m (0.9ms)[0m  [1mCREATE UNIQUE INDEX  "unique_schema_migrations" ON "schema_migrations"  ("version")[0m
  [1m[35m (0.2ms)[0m  SELECT version FROM "schema_migrations"
  [1m[36m (0.3ms)[0m  [1mINSERT INTO "schema_migrations" (version) VALUES ('20160918230135')[0m
  [1m[35m (0.3ms)[0m  INSERT INTO "schema_migrations" (version) VALUES ('20160918225706')
  [1m[36m (0.3ms)[0m  [1mINSERT INTO "schema_migrations" (version) VALUES ('20160918225935')[0m
  [1m[35m (0.2ms)[0m  INSERT INTO "schema_migrations" (version) VALUES ('20160918230024')
  [1m[36mActiveRecord::SchemaMigration Load (0.2ms)[0m  [1mSELECT "schema_migrations".* FROM "schema_migrations"[0m
  [1m[35m (0.1ms)[0m  BEGIN
  [1m[36mSQL (0.4ms)[0m  [1mINSERT INTO "users" ("name", "created_at", "updated_at") VALUES ($1, $2, $3) RETURNING "id"[0m  [["name", "Jon Snow"], ["created_at", "2016-09-18 23:23:38.390195"], ["updated_at", "2016-09-18 23:23:38.390195"]]
  [1m[35m (0.4ms)[0m  COMMIT
  [1m[36m (0.1ms)[0m  [1mBEGIN[0m
  [1m[35mSQL (0.2ms)[0m  INSERT INTO "users" ("name", "created_at", "updated_at") VALUES ($1, $2, $3) RETURNING "id"  [["name", "Ned Stark"], ["created_at", "2016-09-18 23:23:38.394234"], ["updated_at", "2016-09-18 23:23:38.394234"]]
  [1m[36m (0.3ms)[0m  [1mCOMMIT[0m
  [1m[35m (0.1ms)[0m  BEGIN
  [1m[36mSQL (0.3ms)[0m  [1mINSERT INTO "cities" ("name", "visitors", "favourites", "created_at", "updated_at") VALUES ($1, $2, $3, $4, $5) RETURNING "id"[0m  [["name", "Winterfell"], ["visitors", 10], ["favourites", 20], ["created_at", "2016-09-18 23:23:38.402669"], ["updated_at", "2016-09-18 23:23:38.402669"]]
  [1m[35m (0.3ms)[0m  COMMIT
  [1m[36m (0.1ms)[0m  [1mBEGIN[0m
  [1m[35mSQL (0.4ms)[0m  INSERT INTO "comments" ("city_id", "user_id", "message", "created_at", "updated_at") VALUES ($1, $2, $3, $4, $5) RETURNING "id"  [["city_id", 1], ["user_id", 1], ["message", "Winterfell is cold"], ["created_at", "2016-09-18 23:23:38.409093"], ["updated_at", "2016-09-18 23:23:38.409093"]]
  [1m[36m (0.3ms)[0m  [1mCOMMIT[0m
  [1m[35m (0.1ms)[0m  BEGIN
  [1m[36mSQL (0.6ms)[0m  [1mINSERT INTO "followers" ("follower_id", "user_id") VALUES ($1, $2) RETURNING "id"[0m  [["follower_id", 1], ["user_id", 2]]
  [1m[35m (0.3ms)[0m  COMMIT
  [1m[36mUser Load (0.5ms)[0m  [1mSELECT "users".* FROM "users"[0m
  [1m[35mUser Load (0.6ms)[0m  SELECT  "users".* FROM "users"  ORDER BY "users"."id" ASC LIMIT 1
  [1m[36mUser Load (0.6ms)[0m  [1mSELECT "users".* FROM "users" INNER JOIN "followers" ON "users"."id" = "followers"."user_id" WHERE "followers"."follower_id" = $1[0m  [["follower_id", 1]]


Started GET "/graphiql" for ::1 at 2016-09-18 19:24:37 -0400
  [1m[36mActiveRecord::SchemaMigration Load (0.3ms)[0m  [1mSELECT "schema_migrations".* FROM "schema_migrations"[0m
Processing by GraphiQL::Rails::EditorsController#show as HTML
  Parameters: {"graphql_path"=>"/graphql"}
  Rendered /usr/local/lib/ruby/gems/2.3.0/gems/graphiql-rails-1.3.0/app/views/graphiql/rails/editors/show.html.erb (962.8ms)
Completed 200 OK in 983ms (Views: 975.3ms | ActiveRecord: 0.0ms)


Started GET "/assets/graphiql/rails/graphiql-0.7.4.self-1febe268f87116df54cb11eb964994f0ec466f13c5456a66a577a7f60031fd43.css?body=1" for ::1 at 2016-09-18 19:24:38 -0400


Started GET "/assets/graphiql/rails/fetch-0.10.1.self-f437c870c896977786418a4fa2d03b7a2277e57d4d89386f826907d2b51dda7d.js?body=1" for ::1 at 2016-09-18 19:24:38 -0400


Started GET "/assets/graphiql/rails/application.self-a12e3443c72e1d53fbe0976535bc3be908862e3fcef844ecbb147bae4487bae6.css?body=1" for ::1 at 2016-09-18 19:24:38 -0400


Started GET "/assets/graphiql/rails/react-dom-15.3.1.self-b21954c27bd30a43b46d2ba5500011333d63c2502d336f1678318610ac7edc60.js?body=1" for ::1 at 2016-09-18 19:24:38 -0400


Started GET "/assets/graphiql/rails/react-15.3.1.self-953b62331f105e65f6b05b6ac02b017f4ed7fa52cc568792ba9750086cbbf0f0.js?body=1" for ::1 at 2016-09-18 19:24:38 -0400


Started GET "/assets/graphiql/rails/graphiql-0.7.4.self-2485959d78e2e6e67e1917fdd4b87d538ab7f52a8e52cb9b9bad53d31a6b3d44.js?body=1" for ::1 at 2016-09-18 19:24:38 -0400


Started GET "/assets/graphiql/rails/application.self-545c38b0922de19734fbffde62792c37c2aef6a3216cfa472449173165220f7d.js?body=1" for ::1 at 2016-09-18 19:24:38 -0400


Started POST "/graphql" for ::1 at 2016-09-18 19:24:39 -0400

ActionController::RoutingError (uninitialized constant GraphqlController):
  activesupport (4.2.5) lib/active_support/inflector/methods.rb:261:in `const_get'
  activesupport (4.2.5) lib/active_support/inflector/methods.rb:261:in `block in constantize'
  activesupport (4.2.5) lib/active_support/inflector/methods.rb:259:in `each'
  activesupport (4.2.5) lib/active_support/inflector/methods.rb:259:in `inject'
  activesupport (4.2.5) lib/active_support/inflector/methods.rb:259:in `constantize'
  actionpack (4.2.5) lib/action_dispatch/routing/route_set.rb:72:in `controller_reference'
  actionpack (4.2.5) lib/action_dispatch/routing/route_set.rb:62:in `controller'
  actionpack (4.2.5) lib/action_dispatch/routing/route_set.rb:41:in `serve'
  actionpack (4.2.5) lib/action_dispatch/journey/router.rb:43:in `block in serve'
  actionpack (4.2.5) lib/action_dispatch/journey/router.rb:30:in `each'
  actionpack (4.2.5) lib/action_dispatch/journey/router.rb:30:in `serve'
  actionpack (4.2.5) lib/action_dispatch/routing/route_set.rb:817:in `call'
  rack (1.6.4) lib/rack/etag.rb:24:in `call'
  rack (1.6.4) lib/rack/conditionalget.rb:38:in `call'
  rack (1.6.4) lib/rack/head.rb:13:in `call'
  actionpack (4.2.5) lib/action_dispatch/middleware/params_parser.rb:27:in `call'
  actionpack (4.2.5) lib/action_dispatch/middleware/flash.rb:260:in `call'
  rack (1.6.4) lib/rack/session/abstract/id.rb:225:in `context'
  rack (1.6.4) lib/rack/session/abstract/id.rb:220:in `call'
  actionpack (4.2.5) lib/action_dispatch/middleware/cookies.rb:560:in `call'
  activerecord (4.2.5) lib/active_record/query_cache.rb:36:in `call'
  activerecord (4.2.5) lib/active_record/connection_adapters/abstract/connection_pool.rb:653:in `call'
  activerecord (4.2.5) lib/active_record/migration.rb:377:in `call'
  actionpack (4.2.5) lib/action_dispatch/middleware/callbacks.rb:29:in `block in call'
  activesupport (4.2.5) lib/active_support/callbacks.rb:88:in `__run_callbacks__'
  activesupport (4.2.5) lib/active_support/callbacks.rb:778:in `_run_call_callbacks'
  activesupport (4.2.5) lib/active_support/callbacks.rb:81:in `run_callbacks'
  actionpack (4.2.5) lib/action_dispatch/middleware/callbacks.rb:27:in `call'
  actionpack (4.2.5) lib/action_dispatch/middleware/reloader.rb:73:in `call'
  actionpack (4.2.5) lib/action_dispatch/middleware/remote_ip.rb:78:in `call'
  actionpack (4.2.5) lib/action_dispatch/middleware/debug_exceptions.rb:17:in `call'
  web-console (2.3.0) lib/web_console/middleware.rb:28:in `block in call'
  web-console (2.3.0) lib/web_console/middleware.rb:18:in `catch'
  web-console (2.3.0) lib/web_console/middleware.rb:18:in `call'
  actionpack (4.2.5) lib/action_dispatch/middleware/show_exceptions.rb:30:in `call'
  railties (4.2.5) lib/rails/rack/logger.rb:38:in `call_app'
  railties (4.2.5) lib/rails/rack/logger.rb:20:in `block in call'
  activesupport (4.2.5) lib/active_support/tagged_logging.rb:68:in `block in tagged'
  activesupport (4.2.5) lib/active_support/tagged_logging.rb:26:in `tagged'
  activesupport (4.2.5) lib/active_support/tagged_logging.rb:68:in `tagged'
  railties (4.2.5) lib/rails/rack/logger.rb:20:in `call'
  actionpack (4.2.5) lib/action_dispatch/middleware/request_id.rb:21:in `call'
  rack (1.6.4) lib/rack/methodoverride.rb:22:in `call'
  rack (1.6.4) lib/rack/runtime.rb:18:in `call'
  activesupport (4.2.5) lib/active_support/cache/strategy/local_cache_middleware.rb:28:in `call'
  rack (1.6.4) lib/rack/lock.rb:17:in `call'
  actionpack (4.2.5) lib/action_dispatch/middleware/static.rb:116:in `call'
  rack (1.6.4) lib/rack/sendfile.rb:113:in `call'
  railties (4.2.5) lib/rails/engine.rb:518:in `call'
  railties (4.2.5) lib/rails/application.rb:165:in `call'
  rack (1.6.4) lib/rack/lock.rb:17:in `call'
  rack (1.6.4) lib/rack/content_length.rb:15:in `call'
  rack (1.6.4) lib/rack/handler/webrick.rb:88:in `service'
  /usr/local/Cellar/ruby/2.3.1/lib/ruby/2.3.0/webrick/httpserver.rb:140:in `service'
  /usr/local/Cellar/ruby/2.3.1/lib/ruby/2.3.0/webrick/httpserver.rb:96:in `run'
  /usr/local/Cellar/ruby/2.3.1/lib/ruby/2.3.0/webrick/server.rb:296:in `block in start_thread'


  Rendered /usr/local/lib/ruby/gems/2.3.0/gems/actionpack-4.2.5/lib/action_dispatch/middleware/templates/rescues/_trace.html.erb (2.2ms)
  Rendered /usr/local/lib/ruby/gems/2.3.0/gems/actionpack-4.2.5/lib/action_dispatch/middleware/templates/routes/_route.html.erb (0.9ms)
  Rendered /usr/local/lib/ruby/gems/2.3.0/gems/actionpack-4.2.5/lib/action_dispatch/middleware/templates/routes/_route.html.erb (0.1ms)
  Rendered /usr/local/lib/ruby/gems/2.3.0/gems/actionpack-4.2.5/lib/action_dispatch/middleware/templates/routes/_table.html.erb (9.3ms)
  Rendered /usr/local/lib/ruby/gems/2.3.0/gems/actionpack-4.2.5/lib/action_dispatch/middleware/templates/rescues/_request_and_response.html.erb (1.5ms)
  Rendered /usr/local/lib/ruby/gems/2.3.0/gems/actionpack-4.2.5/lib/action_dispatch/middleware/templates/rescues/routing_error.html.erb within rescues/layout (85.6ms)
  Rendered /usr/local/lib/ruby/gems/2.3.0/gems/web-console-2.3.0/lib/web_console/templates/_markup.html.erb (0.7ms)
  Rendered /usr/local/lib/ruby/gems/2.3.0/gems/web-console-2.3.0/lib/web_console/templates/_inner_console_markup.html.erb within layouts/inlined_string (0.4ms)
  Rendered /usr/local/lib/ruby/gems/2.3.0/gems/web-console-2.3.0/lib/web_console/templates/_prompt_box_markup.html.erb within layouts/inlined_string (0.3ms)
  Rendered /usr/local/lib/ruby/gems/2.3.0/gems/web-console-2.3.0/lib/web_console/templates/style.css.erb within layouts/inlined_string (0.5ms)
  Rendered /usr/local/lib/ruby/gems/2.3.0/gems/web-console-2.3.0/lib/web_console/templates/console.js.erb within layouts/javascript (51.0ms)
  Rendered /usr/local/lib/ruby/gems/2.3.0/gems/web-console-2.3.0/lib/web_console/templates/main.js.erb within layouts/javascript (0.2ms)
  Rendered /usr/local/lib/ruby/gems/2.3.0/gems/web-console-2.3.0/lib/web_console/templates/error_page.js.erb within layouts/javascript (0.5ms)
  Rendered /usr/local/lib/ruby/gems/2.3.0/gems/web-console-2.3.0/lib/web_console/templates/index.html.erb (108.0ms)


Started GET "/graphiql" for ::1 at 2016-09-18 19:26:37 -0400
  [1m[36mActiveRecord::SchemaMigration Load (0.4ms)[0m  [1mSELECT "schema_migrations".* FROM "schema_migrations"[0m
Processing by GraphiQL::Rails::EditorsController#show as HTML
  Parameters: {"graphql_path"=>"/graphql"}
  Rendered /usr/local/lib/ruby/gems/2.3.0/gems/graphiql-rails-1.3.0/app/views/graphiql/rails/editors/show.html.erb (414.6ms)
Completed 200 OK in 437ms (Views: 429.6ms | ActiveRecord: 0.0ms)


Started GET "/assets/graphiql/rails/graphiql-0.7.4.self-1febe268f87116df54cb11eb964994f0ec466f13c5456a66a577a7f60031fd43.css?body=1" for ::1 at 2016-09-18 19:26:38 -0400


Started GET "/assets/graphiql/rails/application.self-a12e3443c72e1d53fbe0976535bc3be908862e3fcef844ecbb147bae4487bae6.css?body=1" for ::1 at 2016-09-18 19:26:38 -0400


Started GET "/assets/graphiql/rails/graphiql-0.7.4.self-2485959d78e2e6e67e1917fdd4b87d538ab7f52a8e52cb9b9bad53d31a6b3d44.js?body=1" for ::1 at 2016-09-18 19:26:38 -0400


Started GET "/assets/graphiql/rails/react-15.3.1.self-953b62331f105e65f6b05b6ac02b017f4ed7fa52cc568792ba9750086cbbf0f0.js?body=1" for ::1 at 2016-09-18 19:26:38 -0400


Started GET "/assets/graphiql/rails/fetch-0.10.1.self-f437c870c896977786418a4fa2d03b7a2277e57d4d89386f826907d2b51dda7d.js?body=1" for ::1 at 2016-09-18 19:26:38 -0400


Started GET "/assets/graphiql/rails/react-dom-15.3.1.self-b21954c27bd30a43b46d2ba5500011333d63c2502d336f1678318610ac7edc60.js?body=1" for ::1 at 2016-09-18 19:26:38 -0400


Started GET "/assets/graphiql/rails/application.self-545c38b0922de19734fbffde62792c37c2aef6a3216cfa472449173165220f7d.js?body=1" for ::1 at 2016-09-18 19:26:38 -0400


Started POST "/graphql" for ::1 at 2016-09-18 19:26:38 -0400
Processing by GraphqlController#query as */*
  Parameters: {"query"=>"\n  query IntrospectionQuery {\n    __schema {\n      queryType { name }\n      mutationType { name }\n      subscriptionType { name }\n      types {\n        ...FullType\n      }\n      directives {\n        name\n        description\n        locations\n        args {\n          ...InputValue\n        }\n      }\n    }\n  }\n\n  fragment FullType on __Type {\n    kind\n    name\n    description\n    fields(includeDeprecated: true) {\n      name\n      description\n      args {\n        ...InputValue\n      }\n      type {\n        ...TypeRef\n      }\n      isDeprecated\n      deprecationReason\n    }\n    inputFields {\n      ...InputValue\n    }\n    interfaces {\n      ...TypeRef\n    }\n    enumValues(includeDeprecated: true) {\n      name\n      description\n      isDeprecated\n      deprecationReason\n    }\n    possibleTypes {\n      ...TypeRef\n    }\n  }\n\n  fragment InputValue on __InputValue {\n    name\n    description\n    type { ...TypeRef }\n    defaultValue\n  }\n\n  fragment TypeRef on __Type {\n    kind\n    name\n    ofType {\n      kind\n      name\n      ofType {\n        kind\n        name\n        ofType {\n          kind\n          name\n          ofType {\n            kind\n            name\n            ofType {\n              kind\n              name\n              ofType {\n                kind\n                name\n                ofType {\n                  kind\n                  name\n                }\n              }\n            }\n          }\n        }\n      }\n    }\n  }\n", "graphql"=>{"query"=>"\n  query IntrospectionQuery {\n    __schema {\n      queryType { name }\n      mutationType { name }\n      subscriptionType { name }\n      types {\n        ...FullType\n      }\n      directives {\n        name\n        description\n        locations\n        args {\n          ...InputValue\n        }\n      }\n    }\n  }\n\n  fragment FullType on __Type {\n    kind\n    name\n    description\n    fields(includeDeprecated: true) {\n      name\n      description\n      args {\n        ...InputValue\n      }\n      type {\n        ...TypeRef\n      }\n      isDeprecated\n      deprecationReason\n    }\n    inputFields {\n      ...InputValue\n    }\n    interfaces {\n      ...TypeRef\n    }\n    enumValues(includeDeprecated: true) {\n      name\n      description\n      isDeprecated\n      deprecationReason\n    }\n    possibleTypes {\n      ...TypeRef\n    }\n  }\n\n  fragment InputValue on __InputValue {\n    name\n    description\n    type { ...TypeRef }\n    defaultValue\n  }\n\n  fragment TypeRef on __Type {\n    kind\n    name\n    ofType {\n      kind\n      name\n      ofType {\n        kind\n        name\n        ofType {\n          kind\n          name\n          ofType {\n            kind\n            name\n            ofType {\n              kind\n              name\n              ofType {\n                kind\n                name\n                ofType {\n                  kind\n                  name\n                }\n              }\n            }\n          }\n        }\n      }\n    }\n  }\n"}}
[active_model_serializers] Rendered ActiveModel::Serializer::Null with Hash (10.26ms)
Completed 200 OK in 75ms (Views: 15.5ms | ActiveRecord: 0.0ms)


Started POST "/graphql" for ::1 at 2016-09-18 19:26:40 -0400
Processing by GraphqlController#query as */*
  Parameters: {"query"=>"\n# Welcome to GraphiQL\n#\n# GraphiQL is an in-browser IDE for writing, validating, and\n# testing GraphQL queries.\n#\n# Type queries into this side of the screen, and you will\n# see intelligent typeaheads aware of the current GraphQL type schema and\n# live syntax and validation errors highlighted within the text.\n#\n# To bring up the auto-complete at any point, just press Ctrl-Space.\n#\n# Press the run button above, or Cmd-Enter to execute the query, and the result\n# will appear in the pane to the right.\nquery {\n  user(id: 1) {\n    name\n    cities{\n      name\n      visitors\n      comments{\n        message\n      }\n    }\n    followers{\n      name\n    }\n  }\n}", "variables"=>"null", "graphql"=>{"query"=>"\n# Welcome to GraphiQL\n#\n# GraphiQL is an in-browser IDE for writing, validating, and\n# testing GraphQL queries.\n#\n# Type queries into this side of the screen, and you will\n# see intelligent typeaheads aware of the current GraphQL type schema and\n# live syntax and validation errors highlighted within the text.\n#\n# To bring up the auto-complete at any point, just press Ctrl-Space.\n#\n# Press the run button above, or Cmd-Enter to execute the query, and the result\n# will appear in the pane to the right.\nquery {\n  user(id: 1) {\n    name\n    cities{\n      name\n      visitors\n      comments{\n        message\n      }\n    }\n    followers{\n      name\n    }\n  }\n}", "variables"=>"null"}}
  [1m[35mUser Load (0.2ms)[0m  SELECT  "users".* FROM "users" WHERE "users"."id" = $1 LIMIT 1  [["id", 1]]
  [1m[36mCity Load (0.6ms)[0m  [1mSELECT "cities".* FROM "cities" INNER JOIN "comments" ON "cities"."id" = "comments"."city_id" WHERE "comments"."user_id" = $1[0m  [["user_id", 1]]
  [1m[35mComment Load (0.2ms)[0m  SELECT "comments".* FROM "comments" WHERE "comments"."city_id" = $1  [["city_id", 1]]
  [1m[36mUser Load (0.3ms)[0m  [1mSELECT "users".* FROM "users" INNER JOIN "followers" ON "users"."id" = "followers"."user_id" WHERE "followers"."follower_id" = $1[0m  [["follower_id", 1]]
[active_model_serializers] Rendered ActiveModel::Serializer::Null with Hash (0.14ms)
Completed 200 OK in 83ms (Views: 0.5ms | ActiveRecord: 6.9ms)
